2020-02-05 12:47:16.662 default [restartedMain] INFO  com.example.demo.Demo1Application - Starting Demo1Application on MSI with PID 2028 (started by msi-user in E:\文件\2020_swcontest\sw2020_server)
2020-02-05 12:47:16.664 default [restartedMain] INFO  com.example.demo.Demo1Application - No active profile set, falling back to default profiles: default
2020-02-05 12:47:16.702 default [restartedMain] INFO  o.s.b.d.env.DevToolsPropertyDefaultsPostProcessor - Devtools property defaults active! Set 'spring.devtools.add-properties' to 'false' to disable
2020-02-05 12:47:16.702 default [restartedMain] INFO  o.s.b.d.env.DevToolsPropertyDefaultsPostProcessor - For additional web related logging consider setting the 'logging.level.web' property to 'DEBUG'
2020-02-05 12:47:17.558 default [restartedMain] INFO  o.s.boot.web.embedded.tomcat.TomcatWebServer - Tomcat initialized with port(s): 8082 (http)
2020-02-05 12:47:17.564 default [restartedMain] INFO  org.apache.coyote.http11.Http11NioProtocol - Initializing ProtocolHandler ["http-nio-8082"]
2020-02-05 12:47:17.564 default [restartedMain] INFO  org.apache.catalina.core.StandardService - Starting service [Tomcat]
2020-02-05 12:47:17.564 default [restartedMain] INFO  org.apache.catalina.core.StandardEngine - Starting Servlet engine: [Apache Tomcat/9.0.29]
2020-02-05 12:47:17.626 default [restartedMain] INFO  o.a.c.c.C.[Tomcat].[localhost].[/sw2020] - Initializing Spring embedded WebApplicationContext
2020-02-05 12:47:17.627 default [restartedMain] INFO  org.springframework.web.context.ContextLoader - Root WebApplicationContext: initialization completed in 924 ms
2020-02-05 12:47:17.958 default [restartedMain] INFO  o.s.scheduling.concurrent.ThreadPoolTaskExecutor - Initializing ExecutorService 'applicationTaskExecutor'
2020-02-05 12:47:18.116 default [restartedMain] INFO  o.s.b.d.autoconfigure.OptionalLiveReloadServer - LiveReload server is running on port 35729
2020-02-05 12:47:18.137 default [restartedMain] INFO  org.apache.coyote.http11.Http11NioProtocol - Starting ProtocolHandler ["http-nio-8082"]
2020-02-05 12:47:18.154 default [restartedMain] INFO  o.s.boot.web.embedded.tomcat.TomcatWebServer - Tomcat started on port(s): 8082 (http) with context path '/sw2020'
2020-02-05 12:47:18.157 default [restartedMain] INFO  com.example.demo.Demo1Application - Started Demo1Application in 1.71 seconds (JVM running for 2.51)
2020-02-05 12:47:31.563 default [http-nio-8082-exec-1] INFO  o.a.c.c.C.[Tomcat].[localhost].[/sw2020] - Initializing Spring DispatcherServlet 'dispatcherServlet'
2020-02-05 12:47:31.564 default [http-nio-8082-exec-1] INFO  org.springframework.web.servlet.DispatcherServlet - Initializing Servlet 'dispatcherServlet'
2020-02-05 12:47:31.571 default [http-nio-8082-exec-1] INFO  org.springframework.web.servlet.DispatcherServlet - Completed initialization in 7 ms
2020-02-05 12:47:31.623 default [http-nio-8082-exec-1] INFO  com.zaxxer.hikari.HikariDataSource - HikariPool-1 - Starting...
2020-02-05 12:47:32.026 default [http-nio-8082-exec-1] INFO  com.zaxxer.hikari.HikariDataSource - HikariPool-1 - Start completed.
2020-02-05 12:47:32.144 default [http-nio-8082-exec-2] INFO  com.example.demo.controller.CourseController - Teacher:01 query course
2020-02-05 12:47:55.947 default [http-nio-8082-exec-4] INFO  com.example.demo.controller.CourseController - Teacher:01 query course
2020-02-05 12:47:57.485 default [http-nio-8082-exec-6] INFO  com.example.demo.controller.CourseController - Teacher:01 query course
2020-02-05 12:47:59.246 default [http-nio-8082-exec-8] INFO  com.example.demo.controller.CourseController - Teacher:01 query course
2020-02-05 12:48:00.889 default [http-nio-8082-exec-10] INFO  com.example.demo.controller.CourseController - Teacher:01 query course
2020-02-05 12:54:06.102 default [http-nio-8082-exec-10] INFO  com.example.demo.controller.CourseController - Teacher:01 query course
2020-02-05 13:15:30.017 default [http-nio-8082-exec-9] INFO  com.example.demo.controller.CourseController - Teacher:01 query course
2020-02-05 13:19:56.502 default [http-nio-8082-exec-7] INFO  com.example.demo.controller.CourseController - Teacher:01 query course
2020-02-05 13:22:33.350 default [http-nio-8082-exec-2] INFO  com.example.demo.controller.CourseController - Teacher:01 query course
2020-02-05 13:22:37.441 default [http-nio-8082-exec-4] INFO  com.example.demo.controller.CourseController - Teacher:01 query course
2020-02-05 13:22:42.900 default [http-nio-8082-exec-6] INFO  com.example.demo.controller.CourseController - Teacher:01 query course
2020-02-05 13:23:45.752 default [http-nio-8082-exec-8] INFO  com.example.demo.controller.CourseController - Teacher:01 query course
2020-02-05 13:35:16.308 default [http-nio-8082-exec-1] INFO  com.example.demo.controller.CourseController - Teacher:01 query course
2020-02-05 14:06:31.941 default [http-nio-8082-exec-8] INFO  com.example.demo.controller.CourseController - Teacher:01 query course
2020-02-05 14:08:46.328 default [http-nio-8082-exec-4] INFO  com.example.demo.controller.CourseController - Teacher:01 query course
2020-02-05 14:09:55.728 default [http-nio-8082-exec-8] INFO  com.example.demo.controller.CourseController - Teacher:01 query course
2020-02-05 14:12:42.192 default [http-nio-8082-exec-6] INFO  com.example.demo.controller.CourseController - Teacher:01 query course
2020-02-05 14:13:37.268 default [http-nio-8082-exec-8] INFO  com.example.demo.controller.CourseController - Teacher:01 query course
2020-02-05 14:18:54.569 default [http-nio-8082-exec-3] INFO  com.example.demo.controller.CourseController - Teacher:01 query course
2020-02-05 14:23:19.735 default [http-nio-8082-exec-2] INFO  com.example.demo.controller.CourseController - Teacher:01 query course
2020-02-05 14:23:43.917 default [http-nio-8082-exec-4] INFO  com.example.demo.controller.CourseController - Teacher:01 query course
2020-02-05 14:23:46.393 default [http-nio-8082-exec-6] INFO  com.example.demo.controller.CourseController - Teacher:01 query course
2020-02-05 14:23:48.130 default [http-nio-8082-exec-8] INFO  com.example.demo.controller.CourseController - Teacher:01 query course
2020-02-05 14:23:51.662 default [http-nio-8082-exec-10] INFO  com.example.demo.controller.CourseController - Teacher:01 query course
2020-02-05 14:26:17.220 default [http-nio-8082-exec-5] INFO  com.example.demo.controller.CourseController - Teacher:01 query course
2020-02-05 14:28:36.803 default [http-nio-8082-exec-9] INFO  com.example.demo.controller.CourseController - Teacher:01 query course
2020-02-05 14:29:17.816 default [http-nio-8082-exec-2] INFO  com.example.demo.controller.CourseController - Teacher:01 query course
2020-02-05 14:33:02.966 default [http-nio-8082-exec-8] INFO  com.example.demo.controller.CourseController - Teacher:01 query course
2020-02-05 14:33:59.090 default [http-nio-8082-exec-2] INFO  com.example.demo.controller.CourseController - Teacher:01 query course
2020-02-05 14:44:38.114 default [http-nio-8082-exec-7] INFO  com.example.demo.controller.CourseController - Teacher:01 query course
2020-02-05 14:44:47.676 default [http-nio-8082-exec-9] INFO  com.example.demo.controller.CourseController - Teacher:01 query course
2020-02-05 14:45:10.422 default [http-nio-8082-exec-2] INFO  com.example.demo.controller.CourseController - Teacher:01 query course
2020-02-05 14:45:49.719 default [http-nio-8082-exec-5] INFO  com.example.demo.controller.CourseController - Teacher:01 query course
2020-02-05 14:45:54.512 default [http-nio-8082-exec-7] INFO  com.example.demo.controller.CourseController - Teacher:01 query course
2020-02-05 14:45:58.874 default [http-nio-8082-exec-9] INFO  com.example.demo.controller.CourseController - Teacher:01 query course
2020-02-05 14:46:24.478 default [http-nio-8082-exec-1] INFO  com.example.demo.controller.CourseController - Teacher:01 query course
2020-02-05 14:48:37.297 default [http-nio-8082-exec-4] INFO  com.example.demo.controller.CourseController - Teacher:01 query course
2020-02-05 14:50:02.312 default [http-nio-8082-exec-8] INFO  com.example.demo.controller.CourseController - Teacher:01 query course
2020-02-05 14:50:41.975 default [http-nio-8082-exec-1] INFO  com.example.demo.controller.CourseController - Teacher:01 query course
2020-02-05 14:50:50.164 default [http-nio-8082-exec-3] INFO  com.example.demo.controller.CourseController - Teacher:01 query course
2020-02-05 14:50:51.784 default [http-nio-8082-exec-5] INFO  com.example.demo.controller.CourseController - Teacher:01 query course
2020-02-05 14:50:56.328 default [http-nio-8082-exec-7] INFO  com.example.demo.controller.CourseController - Teacher:01 query course
2020-02-05 14:51:14.538 default [http-nio-8082-exec-9] INFO  com.example.demo.controller.CourseController - Teacher:01 query course
2020-02-05 14:52:52.320 default [http-nio-8082-exec-1] INFO  com.example.demo.controller.CourseController - Teacher:01 query course
2020-02-05 14:54:27.146 default [http-nio-8082-exec-6] INFO  com.example.demo.controller.CourseController - Teacher:01 query course
2020-02-05 19:11:31.711 default [HikariPool-1 housekeeper] WARN  com.zaxxer.hikari.pool.HikariPool - HikariPool-1 - Thread starvation or clock leap detected (housekeeper delta=3h19m29s154ms68µs500ns).
2020-02-05 19:14:30.592 default [http-nio-8082-exec-1] INFO  com.example.demo.controller.CourseController - Teacher:01 query course
2020-02-05 19:14:37.238 default [http-nio-8082-exec-3] INFO  com.example.demo.controller.CourseController - Teacher:01 query course
2020-02-05 19:14:50.454 default [http-nio-8082-exec-7] INFO  com.example.demo.controller.CourseController - Teacher:01 query course
2020-02-05 19:14:54.857 default [http-nio-8082-exec-9] INFO  com.example.demo.controller.CourseController - Teacher:01 query course
2020-02-05 19:15:03.719 default [http-nio-8082-exec-1] INFO  com.example.demo.controller.CourseController - Teacher:01 query course
2020-02-05 19:16:11.778 default [http-nio-8082-exec-3] INFO  com.example.demo.controller.CourseController - Teacher:01 query course
2020-02-05 19:16:22.748 default [http-nio-8082-exec-5] INFO  com.example.demo.controller.CourseController - Teacher:01 query course
2020-02-05 19:16:31.766 default [http-nio-8082-exec-7] INFO  com.example.demo.controller.CourseController - Teacher:01 query course
2020-02-05 19:16:44.546 default [http-nio-8082-exec-9] INFO  com.example.demo.controller.CourseController - Teacher:01 query course
2020-02-05 19:18:34.644 default [http-nio-8082-exec-3] INFO  com.example.demo.controller.CourseController - Teacher:01 query course
2020-02-05 19:27:46.363 default [http-nio-8082-exec-6] INFO  com.example.demo.controller.CourseController - Teacher:01 query course
2020-02-05 19:28:13.829 default [http-nio-8082-exec-8] INFO  com.example.demo.controller.CourseController - Teacher:01 query course
2020-02-05 19:33:22.726 default [http-nio-8082-exec-1] INFO  com.example.demo.controller.CourseController - Teacher:01 query course
2020-02-05 19:33:25.247 default [http-nio-8082-exec-3] INFO  com.example.demo.controller.CourseController - Teacher:01 query course
2020-02-05 19:33:58.810 default [http-nio-8082-exec-5] INFO  com.example.demo.controller.CourseController - Teacher:01 query course
2020-02-05 19:34:53.572 default [http-nio-8082-exec-7] INFO  com.example.demo.controller.CourseController - Teacher:01 query course
2020-02-05 19:34:58.781 default [http-nio-8082-exec-9] INFO  com.example.demo.controller.CourseController - Teacher:01 query course
2020-02-05 19:35:03.063 default [http-nio-8082-exec-1] INFO  com.example.demo.controller.CourseController - Teacher:01 query course
2020-02-05 19:51:50.841 default [http-nio-8082-exec-8] INFO  com.example.demo.controller.CourseController - Teacher:01 query course
2020-02-05 19:51:56.642 default [http-nio-8082-exec-10] INFO  com.example.demo.controller.CourseController - Teacher:01 query course
2020-02-05 19:52:21.232 default [http-nio-8082-exec-3] INFO  com.example.demo.controller.CourseController - Teacher:01 query course
2020-02-05 19:52:22.436 default [http-nio-8082-exec-5] INFO  com.example.demo.controller.CourseController - Teacher:01 query course
2020-02-05 19:52:27.769 default [http-nio-8082-exec-7] INFO  com.example.demo.controller.CourseController - Teacher:01 query course
2020-02-05 19:52:30.491 default [http-nio-8082-exec-9] INFO  com.example.demo.controller.CourseController - Teacher:01 query course
2020-02-05 19:52:37.025 default [http-nio-8082-exec-1] INFO  com.example.demo.controller.CourseController - Teacher:01 query course
2020-02-05 19:52:59.595 default [http-nio-8082-exec-3] INFO  com.example.demo.controller.CourseController - Teacher:01 query course
2020-02-05 19:53:15.566 default [http-nio-8082-exec-5] INFO  com.example.demo.controller.CourseController - Teacher:01 query course
2020-02-05 19:55:49.370 default [http-nio-8082-exec-1] INFO  com.example.demo.controller.CourseController - Teacher:01 query course
2020-02-05 19:57:46.362 default [http-nio-8082-exec-5] INFO  com.example.demo.controller.CourseController - Teacher:01 query course
2020-02-05 19:58:15.801 default [http-nio-8082-exec-10] INFO  com.example.demo.controller.CourseController - Teacher:01 query course
2020-02-05 19:58:52.782 default [http-nio-8082-exec-3] INFO  com.example.demo.controller.CourseController - Teacher:01 query course
2020-02-05 19:58:56.181 default [http-nio-8082-exec-5] INFO  com.example.demo.controller.CourseController - Teacher:01 query course
2020-02-05 19:58:59.331 default [http-nio-8082-exec-7] INFO  com.example.demo.controller.CourseController - Teacher:01 query course
2020-02-05 19:59:48.880 default [http-nio-8082-exec-1] INFO  com.example.demo.controller.CourseController - Teacher:01 query course
2020-02-05 20:01:15.605 default [http-nio-8082-exec-7] INFO  com.example.demo.controller.CourseController - Teacher:01 query course
2020-02-05 20:01:51.516 default [http-nio-8082-exec-9] INFO  com.example.demo.controller.CourseController - Teacher:01 query course
2020-02-05 20:02:38.506 default [http-nio-8082-exec-1] INFO  com.example.demo.controller.CourseController - Teacher:01 query course
2020-02-05 20:03:57.396 default [http-nio-8082-exec-6] INFO  com.example.demo.controller.CourseController - Teacher:01 query course
2020-02-05 20:04:01.138 default [http-nio-8082-exec-8] INFO  com.example.demo.controller.CourseController - Teacher:01 query course
2020-02-05 20:04:10.678 default [http-nio-8082-exec-10] INFO  com.example.demo.controller.CourseController - Teacher:01 query course
2020-02-06 13:45:02.016 default [HikariPool-1 housekeeper] WARN  com.zaxxer.hikari.pool.HikariPool - HikariPool-1 - Thread starvation or clock leap detected (housekeeper delta=16h46m30s44ms132µs).
2020-02-06 15:11:01.546 default [http-nio-8082-exec-3] INFO  com.example.demo.controller.CourseController - Teacher:01 query course
2020-02-06 15:13:23.256 default [http-nio-8082-exec-7] INFO  com.example.demo.controller.CourseController - Teacher:01 query course
2020-02-06 15:30:54.180 default [http-nio-8082-exec-7] INFO  com.example.demo.controller.CourseController - Teacher:01 query course
2020-02-06 15:30:56.601 default [http-nio-8082-exec-9] INFO  com.example.demo.controller.CourseController - Teacher:01 query course
2020-02-06 15:30:59.501 default [http-nio-8082-exec-1] INFO  com.example.demo.controller.CourseController - Teacher:01 query course
2020-02-06 15:31:04.989 default [http-nio-8082-exec-3] INFO  com.example.demo.controller.CourseController - Teacher:01 query course
2020-02-06 15:32:26.294 default [http-nio-8082-exec-5] INFO  com.example.demo.controller.CourseController - Teacher:01 query course
2020-02-06 15:33:54.962 default [http-nio-8082-exec-7] INFO  com.example.demo.controller.CourseController - Teacher:01 query course
2020-02-06 15:34:50.625 default [http-nio-8082-exec-8] INFO  com.example.demo.controller.CourseController - Teacher:01 query course
2020-02-06 15:35:25.203 default [http-nio-8082-exec-9] INFO  com.example.demo.controller.CourseController - Teacher:01 query course
2020-02-06 15:35:39.943 default [http-nio-8082-exec-10] INFO  com.example.demo.controller.CourseController - Teacher:01 query course
2020-02-06 15:35:56.240 default [http-nio-8082-exec-1] INFO  com.example.demo.controller.CourseController - Teacher:01 query course
2020-02-06 15:36:07.188 default [http-nio-8082-exec-3] INFO  com.example.demo.controller.CourseController - Teacher:01 query course
2020-02-06 15:36:15.063 default [http-nio-8082-exec-4] INFO  com.example.demo.controller.CourseController - Teacher:01 query course
2020-02-06 15:38:13.032 default [http-nio-8082-exec-6] INFO  com.example.demo.controller.CourseController - Teacher:01 query course
2020-02-06 15:38:34.982 default [http-nio-8082-exec-7] INFO  com.example.demo.controller.CourseController - Teacher:01 query course
2020-02-06 15:38:54.991 default [http-nio-8082-exec-9] INFO  com.example.demo.controller.CourseController - Teacher:01 query course
2020-02-06 15:39:23.517 default [http-nio-8082-exec-10] INFO  com.example.demo.controller.CourseController - Teacher:01 query course
2020-02-06 15:39:33.479 default [http-nio-8082-exec-1] INFO  com.example.demo.controller.CourseController - Teacher:01 query course
2020-02-06 15:39:42.625 default [http-nio-8082-exec-2] INFO  com.example.demo.controller.CourseController - Teacher:01 query course
2020-02-06 15:39:46.560 default [http-nio-8082-exec-3] INFO  com.example.demo.controller.CourseController - Teacher:01 query course
2020-02-06 15:39:51.372 default [http-nio-8082-exec-7] INFO  com.example.demo.controller.CourseController - Teacher:01 query course
2020-02-06 15:40:28.876 default [http-nio-8082-exec-9] INFO  com.example.demo.controller.CourseController - Teacher:01 query course
2020-02-06 15:45:31.765 default [http-nio-8082-exec-4] INFO  com.example.demo.controller.CourseController - Teacher:01 query course
2020-02-06 15:46:50.135 default [Thread-5] INFO  o.s.scheduling.concurrent.ThreadPoolTaskExecutor - Shutting down ExecutorService 'applicationTaskExecutor'
2020-02-06 15:46:50.136 default [Thread-5] INFO  com.zaxxer.hikari.HikariDataSource - HikariPool-1 - Shutdown initiated...
2020-02-06 15:46:50.145 default [Thread-5] INFO  com.zaxxer.hikari.HikariDataSource - HikariPool-1 - Shutdown completed.
