2020-02-08 13:22:25.570 default [restartedMain] INFO  com.example.demo.Demo1Application - Starting Demo1Application on MSI with PID 4940 (started by msi-user in E:\文件\2020_swcontest\sw2020_server)
2020-02-08 13:22:25.572 default [restartedMain] INFO  com.example.demo.Demo1Application - No active profile set, falling back to default profiles: default
2020-02-08 13:22:25.618 default [restartedMain] INFO  o.s.b.d.env.DevToolsPropertyDefaultsPostProcessor - Devtools property defaults active! Set 'spring.devtools.add-properties' to 'false' to disable
2020-02-08 13:22:25.619 default [restartedMain] INFO  o.s.b.d.env.DevToolsPropertyDefaultsPostProcessor - For additional web related logging consider setting the 'logging.level.web' property to 'DEBUG'
2020-02-08 13:22:26.523 default [restartedMain] INFO  o.s.boot.web.embedded.tomcat.TomcatWebServer - Tomcat initialized with port(s): 8082 (http)
2020-02-08 13:22:26.530 default [restartedMain] INFO  org.apache.coyote.http11.Http11NioProtocol - Initializing ProtocolHandler ["http-nio-8082"]
2020-02-08 13:22:26.530 default [restartedMain] INFO  org.apache.catalina.core.StandardService - Starting service [Tomcat]
2020-02-08 13:22:26.531 default [restartedMain] INFO  org.apache.catalina.core.StandardEngine - Starting Servlet engine: [Apache Tomcat/9.0.29]
2020-02-08 13:22:26.592 default [restartedMain] INFO  o.a.c.c.C.[Tomcat].[localhost].[/sw2020] - Initializing Spring embedded WebApplicationContext
2020-02-08 13:22:26.593 default [restartedMain] INFO  org.springframework.web.context.ContextLoader - Root WebApplicationContext: initialization completed in 962 ms
2020-02-08 13:22:26.937 default [restartedMain] INFO  o.s.scheduling.concurrent.ThreadPoolTaskExecutor - Initializing ExecutorService 'applicationTaskExecutor'
2020-02-08 13:22:27.093 default [restartedMain] INFO  o.s.b.d.autoconfigure.OptionalLiveReloadServer - LiveReload server is running on port 35729
2020-02-08 13:22:27.117 default [restartedMain] INFO  org.apache.coyote.http11.Http11NioProtocol - Starting ProtocolHandler ["http-nio-8082"]
2020-02-08 13:22:27.136 default [restartedMain] INFO  o.s.boot.web.embedded.tomcat.TomcatWebServer - Tomcat started on port(s): 8082 (http) with context path '/sw2020'
2020-02-08 13:22:27.139 default [restartedMain] INFO  com.example.demo.Demo1Application - Started Demo1Application in 1.825 seconds (JVM running for 2.74)
2020-02-08 13:23:16.749 default [http-nio-8082-exec-1] INFO  o.a.c.c.C.[Tomcat].[localhost].[/sw2020] - Initializing Spring DispatcherServlet 'dispatcherServlet'
2020-02-08 13:23:16.751 default [http-nio-8082-exec-1] INFO  org.springframework.web.servlet.DispatcherServlet - Initializing Servlet 'dispatcherServlet'
2020-02-08 13:23:16.756 default [http-nio-8082-exec-1] INFO  org.springframework.web.servlet.DispatcherServlet - Completed initialization in 5 ms
2020-02-08 13:23:16.794 default [http-nio-8082-exec-1] INFO  com.zaxxer.hikari.HikariDataSource - HikariPool-1 - Starting...
2020-02-08 13:23:17.064 default [http-nio-8082-exec-1] INFO  com.zaxxer.hikari.HikariDataSource - HikariPool-1 - Start completed.
2020-02-08 13:23:17.166 default [http-nio-8082-exec-2] INFO  com.example.demo.controller.CourseController - Teacher:01 query course
2020-02-08 13:27:54.218 default [http-nio-8082-exec-6] INFO  com.example.demo.controller.CourseController - Teacher:01 query course
2020-02-08 13:28:47.783 default [http-nio-8082-exec-7] INFO  com.example.demo.controller.CourseController - Teacher:01 query course
2020-02-08 13:28:53.602 default [http-nio-8082-exec-9] INFO  com.example.demo.controller.CourseController - Teacher:01 query course
2020-02-08 13:29:29.788 default [http-nio-8082-exec-10] INFO  com.example.demo.controller.CourseController - Teacher:01 query course
2020-02-08 13:32:55.932 default [http-nio-8082-exec-8] INFO  com.example.demo.controller.CourseController - Teacher:01 query course
2020-02-08 13:33:15.897 default [http-nio-8082-exec-9] INFO  com.example.demo.controller.CourseController - Teacher:01 query course
2020-02-08 13:33:44.188 default [http-nio-8082-exec-10] INFO  com.example.demo.controller.CourseController - Teacher:01 query course
2020-02-08 13:35:53.456 default [http-nio-8082-exec-2] INFO  com.example.demo.controller.CourseController - Teacher:01 query course
2020-02-08 13:36:02.016 default [http-nio-8082-exec-3] INFO  com.example.demo.controller.CourseController - Teacher:01 query course
2020-02-08 13:36:07.329 default [http-nio-8082-exec-4] INFO  com.example.demo.controller.CourseController - Teacher:01 query course
2020-02-08 13:36:11.600 default [http-nio-8082-exec-5] INFO  com.example.demo.controller.CourseController - Teacher:01 query course
2020-02-08 13:36:56.103 default [http-nio-8082-exec-6] INFO  com.example.demo.controller.CourseController - Teacher:01 query course
2020-02-08 13:38:11.480 default [http-nio-8082-exec-8] INFO  com.example.demo.controller.CourseController - Teacher:01 query course
2020-02-08 13:38:21.994 default [http-nio-8082-exec-10] INFO  com.example.demo.controller.CourseController - Teacher:01 query course
2020-02-08 13:40:53.845 default [http-nio-8082-exec-6] INFO  com.example.demo.controller.CourseController - Teacher:01 query course
2020-02-08 13:42:26.168 default [http-nio-8082-exec-9] INFO  com.example.demo.controller.CourseController - Teacher:01 query course
2020-02-08 13:43:38.303 default [http-nio-8082-exec-2] INFO  com.example.demo.controller.CourseController - Teacher:01 query course
2020-02-08 13:46:41.716 default [http-nio-8082-exec-10] INFO  com.example.demo.controller.CourseController - Teacher:01 query course
2020-02-08 13:53:58.843 default [http-nio-8082-exec-6] INFO  com.example.demo.controller.CourseController - Teacher:01 query course
2020-02-08 13:54:33.674 default [http-nio-8082-exec-7] INFO  com.example.demo.controller.CourseController - Teacher:01 query course
2020-02-08 13:55:14.104 default [http-nio-8082-exec-8] INFO  com.example.demo.controller.CourseController - Teacher:01 query course
2020-02-08 13:55:50.956 default [http-nio-8082-exec-9] INFO  com.example.demo.controller.CourseController - Teacher:01 query course
2020-02-08 13:55:56.176 default [http-nio-8082-exec-10] INFO  com.example.demo.controller.CourseController - Teacher:01 query course
2020-02-08 13:56:30.827 default [http-nio-8082-exec-1] INFO  com.example.demo.controller.CourseController - Teacher:01 query course
2020-02-08 13:57:02.240 default [http-nio-8082-exec-2] INFO  com.example.demo.controller.CourseController - Teacher:01 query course
2020-02-08 13:57:08.463 default [http-nio-8082-exec-4] INFO  com.example.demo.controller.CourseController - Teacher:01 query course
2020-02-08 13:57:52.286 default [http-nio-8082-exec-5] INFO  com.example.demo.controller.CourseController - Teacher:01 query course
2020-02-08 13:57:58.155 default [http-nio-8082-exec-6] INFO  com.example.demo.controller.CourseController - Teacher:01 query course
2020-02-08 14:00:09.109 default [http-nio-8082-exec-8] INFO  com.example.demo.controller.CourseController - Teacher:01 query course
2020-02-08 14:00:35.348 default [http-nio-8082-exec-9] INFO  com.example.demo.controller.CourseController - Teacher:01 query course
2020-02-08 14:01:43.576 default [http-nio-8082-exec-1] INFO  com.example.demo.controller.CourseController - Teacher:01 query course
2020-02-08 14:02:10.839 default [http-nio-8082-exec-2] INFO  com.example.demo.controller.CourseController - Teacher:01 query course
2020-02-08 14:02:21.056 default [http-nio-8082-exec-3] INFO  com.example.demo.controller.CourseController - Teacher:01 query course
2020-02-08 14:02:42.939 default [http-nio-8082-exec-4] INFO  com.example.demo.controller.CourseController - Teacher:01 query course
2020-02-08 14:04:13.630 default [http-nio-8082-exec-6] INFO  com.example.demo.controller.CourseController - Teacher:01 query course
2020-02-08 14:04:30.217 default [http-nio-8082-exec-7] INFO  com.example.demo.controller.CourseController - Teacher:01 query course
2020-02-08 14:04:52.068 default [http-nio-8082-exec-8] INFO  com.example.demo.controller.CourseController - Teacher:01 query course
2020-02-08 14:05:36.401 default [http-nio-8082-exec-9] INFO  com.example.demo.controller.CourseController - Teacher:01 query course
2020-02-08 14:07:13.410 default [http-nio-8082-exec-1] INFO  com.example.demo.controller.CourseController - Teacher:01 query course
2020-02-08 14:07:36.221 default [http-nio-8082-exec-2] INFO  com.example.demo.controller.CourseController - Teacher:01 query course
2020-02-08 14:07:56.680 default [http-nio-8082-exec-3] INFO  com.example.demo.controller.CourseController - Teacher:01 query course
2020-02-08 14:08:22.710 default [http-nio-8082-exec-5] INFO  com.example.demo.controller.CourseController - Teacher:01 query course
2020-02-08 14:08:28.108 default [http-nio-8082-exec-6] INFO  com.example.demo.controller.CourseController - Teacher:01 query course
2020-02-08 14:08:33.274 default [http-nio-8082-exec-8] WARN  o.s.w.s.m.m.a.ExceptionHandlerExceptionResolver - Resolved [org.apache.ibatis.binding.BindingException: Invalid bound statement (not found): com.example.demo.dao.KeyGarphMapper.queryNodeByClass]
2020-02-08 14:10:29.859 default [Thread-5] INFO  o.s.scheduling.concurrent.ThreadPoolTaskExecutor - Shutting down ExecutorService 'applicationTaskExecutor'
2020-02-08 14:10:29.860 default [Thread-5] INFO  com.zaxxer.hikari.HikariDataSource - HikariPool-1 - Shutdown initiated...
2020-02-08 14:10:29.863 default [Thread-5] INFO  com.zaxxer.hikari.HikariDataSource - HikariPool-1 - Shutdown completed.
2020-02-08 14:10:30.259 default [restartedMain] INFO  com.example.demo.Demo1Application - Starting Demo1Application on MSI with PID 4940 (started by msi-user in E:\文件\2020_swcontest\sw2020_server)
2020-02-08 14:10:30.260 default [restartedMain] INFO  com.example.demo.Demo1Application - No active profile set, falling back to default profiles: default
2020-02-08 14:10:30.566 default [restartedMain] WARN  org.apache.tomcat.util.modeler.Registry - The MBean registry cannot be disabled because it has already been initialised
2020-02-08 14:10:30.578 default [restartedMain] INFO  o.s.boot.web.embedded.tomcat.TomcatWebServer - Tomcat initialized with port(s): 8082 (http)
2020-02-08 14:10:30.579 default [restartedMain] INFO  org.apache.coyote.http11.Http11NioProtocol - Initializing ProtocolHandler ["http-nio-8082"]
2020-02-08 14:10:30.579 default [restartedMain] INFO  org.apache.catalina.core.StandardService - Starting service [Tomcat]
2020-02-08 14:10:30.579 default [restartedMain] INFO  org.apache.catalina.core.StandardEngine - Starting Servlet engine: [Apache Tomcat/9.0.29]
2020-02-08 14:10:30.598 default [restartedMain] INFO  o.a.c.c.C.[Tomcat].[localhost].[/sw2020] - Initializing Spring embedded WebApplicationContext
2020-02-08 14:10:30.598 default [restartedMain] INFO  org.springframework.web.context.ContextLoader - Root WebApplicationContext: initialization completed in 336 ms
2020-02-08 14:10:30.756 default [restartedMain] INFO  o.s.scheduling.concurrent.ThreadPoolTaskExecutor - Initializing ExecutorService 'applicationTaskExecutor'
2020-02-08 14:10:30.823 default [restartedMain] INFO  o.s.b.d.autoconfigure.OptionalLiveReloadServer - LiveReload server is running on port 35729
2020-02-08 14:10:30.836 default [restartedMain] INFO  org.apache.coyote.http11.Http11NioProtocol - Starting ProtocolHandler ["http-nio-8082"]
2020-02-08 14:10:30.840 default [restartedMain] INFO  o.s.boot.web.embedded.tomcat.TomcatWebServer - Tomcat started on port(s): 8082 (http) with context path '/sw2020'
2020-02-08 14:10:30.841 default [restartedMain] INFO  com.example.demo.Demo1Application - Started Demo1Application in 0.618 seconds (JVM running for 2886.441)
2020-02-08 14:10:30.842 default [restartedMain] INFO  o.s.b.d.a.ConditionEvaluationDeltaLoggingListener - Condition evaluation unchanged
2020-02-08 14:14:39.337 default [Thread-8] INFO  o.s.scheduling.concurrent.ThreadPoolTaskExecutor - Shutting down ExecutorService 'applicationTaskExecutor'
2020-02-08 14:14:39.607 default [restartedMain] INFO  com.example.demo.Demo1Application - Starting Demo1Application on MSI with PID 4940 (started by msi-user in E:\文件\2020_swcontest\sw2020_server)
2020-02-08 14:14:39.608 default [restartedMain] INFO  com.example.demo.Demo1Application - No active profile set, falling back to default profiles: default
2020-02-08 14:14:39.791 default [restartedMain] WARN  org.apache.tomcat.util.modeler.Registry - The MBean registry cannot be disabled because it has already been initialised
2020-02-08 14:14:39.799 default [restartedMain] INFO  o.s.boot.web.embedded.tomcat.TomcatWebServer - Tomcat initialized with port(s): 8082 (http)
2020-02-08 14:14:39.799 default [restartedMain] INFO  org.apache.coyote.http11.Http11NioProtocol - Initializing ProtocolHandler ["http-nio-8082"]
2020-02-08 14:14:39.799 default [restartedMain] INFO  org.apache.catalina.core.StandardService - Starting service [Tomcat]
2020-02-08 14:14:39.800 default [restartedMain] INFO  org.apache.catalina.core.StandardEngine - Starting Servlet engine: [Apache Tomcat/9.0.29]
2020-02-08 14:14:39.813 default [restartedMain] INFO  o.a.c.c.C.[Tomcat].[localhost].[/sw2020] - Initializing Spring embedded WebApplicationContext
2020-02-08 14:14:39.814 default [restartedMain] INFO  org.springframework.web.context.ContextLoader - Root WebApplicationContext: initialization completed in 205 ms
2020-02-08 14:14:39.909 default [restartedMain] INFO  o.s.scheduling.concurrent.ThreadPoolTaskExecutor - Initializing ExecutorService 'applicationTaskExecutor'
2020-02-08 14:14:39.957 default [restartedMain] INFO  o.s.b.d.autoconfigure.OptionalLiveReloadServer - LiveReload server is running on port 35729
2020-02-08 14:14:39.966 default [restartedMain] INFO  org.apache.coyote.http11.Http11NioProtocol - Starting ProtocolHandler ["http-nio-8082"]
2020-02-08 14:14:39.969 default [restartedMain] INFO  o.s.boot.web.embedded.tomcat.TomcatWebServer - Tomcat started on port(s): 8082 (http) with context path '/sw2020'
2020-02-08 14:14:39.969 default [restartedMain] INFO  com.example.demo.Demo1Application - Started Demo1Application in 0.382 seconds (JVM running for 3135.57)
2020-02-08 14:14:39.971 default [restartedMain] INFO  o.s.b.d.a.ConditionEvaluationDeltaLoggingListener - Condition evaluation unchanged
2020-02-08 14:15:04.463 default [Thread-13] INFO  o.s.scheduling.concurrent.ThreadPoolTaskExecutor - Shutting down ExecutorService 'applicationTaskExecutor'
2020-02-08 14:15:04.732 default [restartedMain] INFO  com.example.demo.Demo1Application - Starting Demo1Application on MSI with PID 4940 (started by msi-user in E:\文件\2020_swcontest\sw2020_server)
2020-02-08 14:15:04.732 default [restartedMain] INFO  com.example.demo.Demo1Application - No active profile set, falling back to default profiles: default
2020-02-08 14:15:04.977 default [restartedMain] WARN  org.apache.tomcat.util.modeler.Registry - The MBean registry cannot be disabled because it has already been initialised
2020-02-08 14:15:04.988 default [restartedMain] INFO  o.s.boot.web.embedded.tomcat.TomcatWebServer - Tomcat initialized with port(s): 8082 (http)
2020-02-08 14:15:04.988 default [restartedMain] INFO  org.apache.coyote.http11.Http11NioProtocol - Initializing ProtocolHandler ["http-nio-8082"]
2020-02-08 14:15:04.988 default [restartedMain] INFO  org.apache.catalina.core.StandardService - Starting service [Tomcat]
2020-02-08 14:15:04.988 default [restartedMain] INFO  org.apache.catalina.core.StandardEngine - Starting Servlet engine: [Apache Tomcat/9.0.29]
2020-02-08 14:15:05.008 default [restartedMain] INFO  o.a.c.c.C.[Tomcat].[localhost].[/sw2020] - Initializing Spring embedded WebApplicationContext
2020-02-08 14:15:05.008 default [restartedMain] INFO  org.springframework.web.context.ContextLoader - Root WebApplicationContext: initialization completed in 274 ms
2020-02-08 14:15:05.093 default [restartedMain] INFO  o.s.scheduling.concurrent.ThreadPoolTaskExecutor - Initializing ExecutorService 'applicationTaskExecutor'
2020-02-08 14:15:05.138 default [restartedMain] INFO  o.s.b.d.autoconfigure.OptionalLiveReloadServer - LiveReload server is running on port 35729
2020-02-08 14:15:05.148 default [restartedMain] INFO  org.apache.coyote.http11.Http11NioProtocol - Starting ProtocolHandler ["http-nio-8082"]
2020-02-08 14:15:05.150 default [restartedMain] INFO  o.s.boot.web.embedded.tomcat.TomcatWebServer - Tomcat started on port(s): 8082 (http) with context path '/sw2020'
2020-02-08 14:15:05.151 default [restartedMain] INFO  com.example.demo.Demo1Application - Started Demo1Application in 0.444 seconds (JVM running for 3160.751)
2020-02-08 14:15:05.152 default [restartedMain] INFO  o.s.b.d.a.ConditionEvaluationDeltaLoggingListener - Condition evaluation unchanged
2020-02-08 14:15:11.471 default [http-nio-8082-exec-1] INFO  o.a.c.c.C.[Tomcat].[localhost].[/sw2020] - Initializing Spring DispatcherServlet 'dispatcherServlet'
2020-02-08 14:15:11.472 default [http-nio-8082-exec-1] INFO  org.springframework.web.servlet.DispatcherServlet - Initializing Servlet 'dispatcherServlet'
2020-02-08 14:15:11.475 default [http-nio-8082-exec-1] INFO  org.springframework.web.servlet.DispatcherServlet - Completed initialization in 2 ms
2020-02-08 14:15:11.476 default [http-nio-8082-exec-1] INFO  com.zaxxer.hikari.HikariDataSource - HikariPool-2 - Starting...
2020-02-08 14:15:11.495 default [http-nio-8082-exec-1] INFO  com.zaxxer.hikari.HikariDataSource - HikariPool-2 - Start completed.
2020-02-08 14:15:13.267 default [http-nio-8082-exec-2] WARN  o.s.w.s.m.m.a.ExceptionHandlerExceptionResolver - Resolved [org.apache.ibatis.binding.BindingException: Invalid bound statement (not found): com.example.demo.dao.KeyGarphMapper.queryNodeByClass]
2020-02-08 14:15:44.715 default [Thread-18] INFO  o.s.scheduling.concurrent.ThreadPoolTaskExecutor - Shutting down ExecutorService 'applicationTaskExecutor'
2020-02-08 14:15:44.715 default [Thread-18] INFO  com.zaxxer.hikari.HikariDataSource - HikariPool-2 - Shutdown initiated...
2020-02-08 14:15:44.727 default [Thread-18] INFO  com.zaxxer.hikari.HikariDataSource - HikariPool-2 - Shutdown completed.
2020-02-08 14:15:45.024 default [restartedMain] INFO  com.example.demo.Demo1Application - Starting Demo1Application on MSI with PID 4940 (started by msi-user in E:\文件\2020_swcontest\sw2020_server)
2020-02-08 14:15:45.024 default [restartedMain] INFO  com.example.demo.Demo1Application - No active profile set, falling back to default profiles: default
2020-02-08 14:15:45.201 default [restartedMain] WARN  org.apache.tomcat.util.modeler.Registry - The MBean registry cannot be disabled because it has already been initialised
2020-02-08 14:15:45.209 default [restartedMain] INFO  o.s.boot.web.embedded.tomcat.TomcatWebServer - Tomcat initialized with port(s): 8082 (http)
2020-02-08 14:15:45.210 default [restartedMain] INFO  org.apache.coyote.http11.Http11NioProtocol - Initializing ProtocolHandler ["http-nio-8082"]
2020-02-08 14:15:45.210 default [restartedMain] INFO  org.apache.catalina.core.StandardService - Starting service [Tomcat]
2020-02-08 14:15:45.210 default [restartedMain] INFO  org.apache.catalina.core.StandardEngine - Starting Servlet engine: [Apache Tomcat/9.0.29]
2020-02-08 14:15:45.228 default [restartedMain] INFO  o.a.c.c.C.[Tomcat].[localhost].[/sw2020] - Initializing Spring embedded WebApplicationContext
2020-02-08 14:15:45.228 default [restartedMain] INFO  org.springframework.web.context.ContextLoader - Root WebApplicationContext: initialization completed in 202 ms
2020-02-08 14:15:45.319 default [restartedMain] INFO  o.s.scheduling.concurrent.ThreadPoolTaskExecutor - Initializing ExecutorService 'applicationTaskExecutor'
2020-02-08 14:15:45.365 default [restartedMain] INFO  o.s.b.d.autoconfigure.OptionalLiveReloadServer - LiveReload server is running on port 35729
2020-02-08 14:15:45.374 default [restartedMain] INFO  org.apache.coyote.http11.Http11NioProtocol - Starting ProtocolHandler ["http-nio-8082"]
2020-02-08 14:15:45.377 default [restartedMain] INFO  o.s.boot.web.embedded.tomcat.TomcatWebServer - Tomcat started on port(s): 8082 (http) with context path '/sw2020'
2020-02-08 14:15:45.377 default [restartedMain] INFO  com.example.demo.Demo1Application - Started Demo1Application in 0.379 seconds (JVM running for 3200.978)
2020-02-08 14:15:45.378 default [restartedMain] INFO  o.s.b.d.a.ConditionEvaluationDeltaLoggingListener - Condition evaluation unchanged
2020-02-08 14:15:54.919 default [http-nio-8082-exec-1] INFO  o.a.c.c.C.[Tomcat].[localhost].[/sw2020] - Initializing Spring DispatcherServlet 'dispatcherServlet'
2020-02-08 14:15:54.920 default [http-nio-8082-exec-1] INFO  org.springframework.web.servlet.DispatcherServlet - Initializing Servlet 'dispatcherServlet'
2020-02-08 14:15:54.923 default [http-nio-8082-exec-1] INFO  org.springframework.web.servlet.DispatcherServlet - Completed initialization in 2 ms
2020-02-08 14:15:54.924 default [http-nio-8082-exec-1] INFO  com.zaxxer.hikari.HikariDataSource - HikariPool-3 - Starting...
2020-02-08 14:15:54.942 default [http-nio-8082-exec-1] INFO  com.zaxxer.hikari.HikariDataSource - HikariPool-3 - Start completed.
2020-02-08 14:24:32.986 default [http-nio-8082-exec-10] INFO  com.example.demo.controller.CourseController - Teacher:01 query course
2020-02-08 15:09:20.668 default [RMI TCP Connection(2)-127.0.0.1] INFO  o.s.b.a.SpringApplicationAdminMXBeanRegistrar$SpringApplicationAdmin - Application shutdown requested.
2020-02-08 15:09:20.671 default [RMI TCP Connection(2)-127.0.0.1] INFO  o.s.scheduling.concurrent.ThreadPoolTaskExecutor - Shutting down ExecutorService 'applicationTaskExecutor'
2020-02-08 15:09:20.672 default [RMI TCP Connection(2)-127.0.0.1] INFO  com.zaxxer.hikari.HikariDataSource - HikariPool-3 - Shutdown initiated...
2020-02-08 15:09:20.682 default [RMI TCP Connection(2)-127.0.0.1] INFO  com.zaxxer.hikari.HikariDataSource - HikariPool-3 - Shutdown completed.
2020-02-08 15:13:34.783 default [restartedMain] INFO  com.example.demo.Demo1Application - Starting Demo1Application on MSI with PID 22368 (started by msi-user in E:\文件\2020_swcontest\sw2020_server)
2020-02-08 15:13:34.857 default [restartedMain] INFO  com.example.demo.Demo1Application - No active profile set, falling back to default profiles: default
2020-02-08 15:13:34.888 default [restartedMain] INFO  o.s.b.d.env.DevToolsPropertyDefaultsPostProcessor - Devtools property defaults active! Set 'spring.devtools.add-properties' to 'false' to disable
2020-02-08 15:13:34.888 default [restartedMain] INFO  o.s.b.d.env.DevToolsPropertyDefaultsPostProcessor - For additional web related logging consider setting the 'logging.level.web' property to 'DEBUG'
2020-02-08 15:13:35.712 default [restartedMain] INFO  o.s.boot.web.embedded.tomcat.TomcatWebServer - Tomcat initialized with port(s): 8082 (http)
2020-02-08 15:13:35.719 default [restartedMain] INFO  org.apache.coyote.http11.Http11NioProtocol - Initializing ProtocolHandler ["http-nio-8082"]
2020-02-08 15:13:35.719 default [restartedMain] INFO  org.apache.catalina.core.StandardService - Starting service [Tomcat]
2020-02-08 15:13:35.720 default [restartedMain] INFO  org.apache.catalina.core.StandardEngine - Starting Servlet engine: [Apache Tomcat/9.0.29]
2020-02-08 15:13:35.777 default [restartedMain] INFO  o.a.c.c.C.[Tomcat].[localhost].[/sw2020] - Initializing Spring embedded WebApplicationContext
2020-02-08 15:13:35.777 default [restartedMain] INFO  org.springframework.web.context.ContextLoader - Root WebApplicationContext: initialization completed in 889 ms
2020-02-08 15:13:36.077 default [restartedMain] INFO  o.s.scheduling.concurrent.ThreadPoolTaskExecutor - Initializing ExecutorService 'applicationTaskExecutor'
2020-02-08 15:13:36.210 default [restartedMain] INFO  o.s.b.d.autoconfigure.OptionalLiveReloadServer - LiveReload server is running on port 35729
2020-02-08 15:13:36.229 default [restartedMain] INFO  org.apache.coyote.http11.Http11NioProtocol - Starting ProtocolHandler ["http-nio-8082"]
2020-02-08 15:13:36.245 default [restartedMain] INFO  o.s.boot.web.embedded.tomcat.TomcatWebServer - Tomcat started on port(s): 8082 (http) with context path '/sw2020'
2020-02-08 15:13:36.248 default [restartedMain] INFO  com.example.demo.Demo1Application - Started Demo1Application in 1.675 seconds (JVM running for 2.407)
2020-02-08 15:14:11.591 default [http-nio-8082-exec-1] INFO  o.a.c.c.C.[Tomcat].[localhost].[/sw2020] - Initializing Spring DispatcherServlet 'dispatcherServlet'
2020-02-08 15:14:11.593 default [http-nio-8082-exec-1] INFO  org.springframework.web.servlet.DispatcherServlet - Initializing Servlet 'dispatcherServlet'
2020-02-08 15:14:11.598 default [http-nio-8082-exec-1] INFO  org.springframework.web.servlet.DispatcherServlet - Completed initialization in 5 ms
2020-02-08 15:14:11.635 default [http-nio-8082-exec-1] INFO  com.zaxxer.hikari.HikariDataSource - HikariPool-1 - Starting...
2020-02-08 15:14:11.889 default [http-nio-8082-exec-1] INFO  com.zaxxer.hikari.HikariDataSource - HikariPool-1 - Start completed.
2020-02-08 15:14:11.997 default [http-nio-8082-exec-2] INFO  com.example.demo.controller.CourseController - Teacher:01 query course
2020-02-08 15:14:40.221 default [http-nio-8082-exec-4] INFO  com.example.demo.controller.CourseController - Teacher:01 query course
2020-02-08 17:07:11.700 default [restartedMain] INFO  com.example.demo.Demo1Application - Starting Demo1Application on MSI with PID 6908 (started by msi-user in E:\文件\2020_swcontest\sw2020_server)
2020-02-08 17:07:11.737 default [restartedMain] INFO  com.example.demo.Demo1Application - No active profile set, falling back to default profiles: default
2020-02-08 17:07:11.775 default [restartedMain] INFO  o.s.b.d.env.DevToolsPropertyDefaultsPostProcessor - Devtools property defaults active! Set 'spring.devtools.add-properties' to 'false' to disable
2020-02-08 17:07:11.776 default [restartedMain] INFO  o.s.b.d.env.DevToolsPropertyDefaultsPostProcessor - For additional web related logging consider setting the 'logging.level.web' property to 'DEBUG'
2020-02-08 17:07:12.514 default [restartedMain] INFO  o.s.boot.web.embedded.tomcat.TomcatWebServer - Tomcat initialized with port(s): 8082 (http)
2020-02-08 17:07:12.520 default [restartedMain] INFO  org.apache.coyote.http11.Http11NioProtocol - Initializing ProtocolHandler ["http-nio-8082"]
2020-02-08 17:07:12.521 default [restartedMain] INFO  org.apache.catalina.core.StandardService - Starting service [Tomcat]
2020-02-08 17:07:12.521 default [restartedMain] INFO  org.apache.catalina.core.StandardEngine - Starting Servlet engine: [Apache Tomcat/9.0.29]
2020-02-08 17:07:12.580 default [restartedMain] INFO  o.a.c.c.C.[Tomcat].[localhost].[/sw2020] - Initializing Spring embedded WebApplicationContext
2020-02-08 17:07:12.581 default [restartedMain] INFO  org.springframework.web.context.ContextLoader - Root WebApplicationContext: initialization completed in 805 ms
2020-02-08 17:07:12.882 default [restartedMain] INFO  o.s.scheduling.concurrent.ThreadPoolTaskExecutor - Initializing ExecutorService 'applicationTaskExecutor'
2020-02-08 17:07:13.011 default [restartedMain] INFO  o.s.b.d.autoconfigure.OptionalLiveReloadServer - LiveReload server is running on port 35729
2020-02-08 17:07:13.030 default [restartedMain] INFO  org.apache.coyote.http11.Http11NioProtocol - Starting ProtocolHandler ["http-nio-8082"]
2020-02-08 17:07:13.048 default [restartedMain] INFO  o.s.boot.web.embedded.tomcat.TomcatWebServer - Tomcat started on port(s): 8082 (http) with context path '/sw2020'
2020-02-08 17:07:13.051 default [restartedMain] INFO  com.example.demo.Demo1Application - Started Demo1Application in 1.556 seconds (JVM running for 2.306)
2020-02-08 17:11:19.583 default [http-nio-8082-exec-1] INFO  o.a.c.c.C.[Tomcat].[localhost].[/sw2020] - Initializing Spring DispatcherServlet 'dispatcherServlet'
2020-02-08 17:11:19.585 default [http-nio-8082-exec-1] INFO  org.springframework.web.servlet.DispatcherServlet - Initializing Servlet 'dispatcherServlet'
2020-02-08 17:11:19.590 default [http-nio-8082-exec-1] INFO  org.springframework.web.servlet.DispatcherServlet - Completed initialization in 5 ms
2020-02-08 17:11:19.627 default [http-nio-8082-exec-1] INFO  com.zaxxer.hikari.HikariDataSource - HikariPool-1 - Starting...
2020-02-08 17:11:20.331 default [http-nio-8082-exec-1] INFO  com.zaxxer.hikari.HikariDataSource - HikariPool-1 - Start completed.
2020-02-08 17:11:20.617 default [http-nio-8082-exec-2] INFO  com.example.demo.controller.CourseController - Teacher:01 query course
2020-02-08 17:13:23.449 default [http-nio-8082-exec-4] INFO  com.example.demo.controller.CourseController - Teacher:01 query course
2020-02-08 17:29:09.469 default [http-nio-8082-exec-6] INFO  com.example.demo.controller.CourseController - Teacher:01 query course
2020-02-08 17:31:41.726 default [http-nio-8082-exec-10] INFO  com.example.demo.controller.CourseController - Teacher:01 query course
2020-02-08 17:31:51.255 default [http-nio-8082-exec-2] INFO  com.example.demo.controller.CourseController - Teacher:01 query course
2020-02-08 17:32:57.441 default [http-nio-8082-exec-5] INFO  com.example.demo.controller.CourseController - Teacher:01 query course
2020-02-08 17:33:50.102 default [http-nio-8082-exec-7] INFO  com.example.demo.controller.CourseController - Teacher:01 query course
2020-02-08 17:34:32.535 default [http-nio-8082-exec-10] INFO  com.example.demo.controller.CourseController - Teacher:01 query course
2020-02-08 17:38:02.450 default [http-nio-8082-exec-5] INFO  com.example.demo.controller.CourseController - Teacher:01 query course
2020-02-08 17:39:01.970 default [http-nio-8082-exec-8] INFO  com.example.demo.controller.CourseController - Teacher:01 query course
2020-02-08 17:40:47.364 default [http-nio-8082-exec-2] INFO  com.example.demo.controller.CourseController - Teacher:01 query course
2020-02-08 17:40:55.083 default [http-nio-8082-exec-4] INFO  com.example.demo.controller.CourseController - Teacher:01 query course
2020-02-08 17:42:09.737 default [http-nio-8082-exec-8] INFO  com.example.demo.controller.CourseController - Teacher:01 query course
2020-02-08 17:44:13.104 default [http-nio-8082-exec-4] INFO  com.example.demo.controller.CourseController - Teacher:01 query course
2020-02-08 17:44:43.361 default [http-nio-8082-exec-5] INFO  com.example.demo.controller.CourseController - Teacher:01 query course
2020-02-08 17:45:20.610 default [http-nio-8082-exec-6] INFO  com.example.demo.controller.CourseController - Teacher:01 query course
2020-02-08 17:45:51.127 default [http-nio-8082-exec-7] INFO  com.example.demo.controller.CourseController - Teacher:01 query course
2020-02-08 17:46:35.244 default [http-nio-8082-exec-8] INFO  com.example.demo.controller.CourseController - Teacher:01 query course
2020-02-08 17:46:49.758 default [http-nio-8082-exec-9] INFO  com.example.demo.controller.CourseController - Teacher:01 query course
2020-02-08 18:15:56.114 default [http-nio-8082-exec-1] INFO  com.example.demo.controller.CourseController - Teacher:01 query course
2020-02-08 18:16:32.045 default [http-nio-8082-exec-2] INFO  com.example.demo.controller.CourseController - Teacher:01 query course
2020-02-08 18:19:55.470 default [http-nio-8082-exec-9] INFO  com.example.demo.controller.CourseController - Teacher:01 query course
2020-02-08 18:20:36.821 default [http-nio-8082-exec-3] INFO  com.example.demo.controller.CourseController - Teacher:01 query course
2020-02-08 18:52:25.986 default [Thread-5] INFO  o.s.scheduling.concurrent.ThreadPoolTaskExecutor - Shutting down ExecutorService 'applicationTaskExecutor'
2020-02-08 18:52:25.987 default [Thread-5] INFO  com.zaxxer.hikari.HikariDataSource - HikariPool-1 - Shutdown initiated...
2020-02-08 18:52:25.994 default [Thread-5] INFO  com.zaxxer.hikari.HikariDataSource - HikariPool-1 - Shutdown completed.
2020-02-08 18:52:26.265 default [restartedMain] INFO  com.example.demo.Demo1Application - Starting Demo1Application on MSI with PID 6908 (started by msi-user in E:\文件\2020_swcontest\sw2020_server)
2020-02-08 18:52:26.265 default [restartedMain] INFO  com.example.demo.Demo1Application - No active profile set, falling back to default profiles: default
2020-02-08 18:52:26.476 default [restartedMain] WARN  org.apache.tomcat.util.modeler.Registry - The MBean registry cannot be disabled because it has already been initialised
2020-02-08 18:52:26.485 default [restartedMain] INFO  o.s.boot.web.embedded.tomcat.TomcatWebServer - Tomcat initialized with port(s): 8082 (http)
2020-02-08 18:52:26.486 default [restartedMain] INFO  org.apache.coyote.http11.Http11NioProtocol - Initializing ProtocolHandler ["http-nio-8082"]
2020-02-08 18:52:26.486 default [restartedMain] INFO  org.apache.catalina.core.StandardService - Starting service [Tomcat]
2020-02-08 18:52:26.486 default [restartedMain] INFO  org.apache.catalina.core.StandardEngine - Starting Servlet engine: [Apache Tomcat/9.0.29]
2020-02-08 18:52:26.501 default [restartedMain] INFO  o.a.c.c.C.[Tomcat].[localhost].[/sw2020] - Initializing Spring embedded WebApplicationContext
2020-02-08 18:52:26.502 default [restartedMain] INFO  org.springframework.web.context.ContextLoader - Root WebApplicationContext: initialization completed in 234 ms
2020-02-08 18:52:26.618 default [restartedMain] INFO  o.s.scheduling.concurrent.ThreadPoolTaskExecutor - Initializing ExecutorService 'applicationTaskExecutor'
2020-02-08 18:52:26.674 default [restartedMain] INFO  o.s.b.d.autoconfigure.OptionalLiveReloadServer - LiveReload server is running on port 35729
2020-02-08 18:52:26.684 default [restartedMain] INFO  org.apache.coyote.http11.Http11NioProtocol - Starting ProtocolHandler ["http-nio-8082"]
2020-02-08 18:52:26.687 default [restartedMain] INFO  o.s.boot.web.embedded.tomcat.TomcatWebServer - Tomcat started on port(s): 8082 (http) with context path '/sw2020'
2020-02-08 18:52:26.687 default [restartedMain] INFO  com.example.demo.Demo1Application - Started Demo1Application in 0.448 seconds (JVM running for 6315.942)
2020-02-08 18:52:26.689 default [restartedMain] INFO  o.s.b.d.a.ConditionEvaluationDeltaLoggingListener - Condition evaluation unchanged
2020-02-08 18:52:55.567 default [http-nio-8082-exec-1] INFO  o.a.c.c.C.[Tomcat].[localhost].[/sw2020] - Initializing Spring DispatcherServlet 'dispatcherServlet'
2020-02-08 18:52:55.569 default [http-nio-8082-exec-1] INFO  org.springframework.web.servlet.DispatcherServlet - Initializing Servlet 'dispatcherServlet'
2020-02-08 18:52:55.572 default [http-nio-8082-exec-1] INFO  org.springframework.web.servlet.DispatcherServlet - Completed initialization in 3 ms
2020-02-08 18:52:55.574 default [http-nio-8082-exec-1] INFO  com.zaxxer.hikari.HikariDataSource - HikariPool-2 - Starting...
2020-02-08 18:52:55.594 default [http-nio-8082-exec-1] INFO  com.zaxxer.hikari.HikariDataSource - HikariPool-2 - Start completed.
2020-02-08 18:52:57.983 default [http-nio-8082-exec-2] INFO  com.example.demo.controller.CourseController - Teacher:01 query course
2020-02-08 18:52:59.458 default [http-nio-8082-exec-4] INFO  com.example.demo.controller.CourseController - Teacher:01 query course
2020-02-08 18:58:09.106 default [RMI TCP Connection(2)-127.0.0.1] INFO  o.s.b.a.SpringApplicationAdminMXBeanRegistrar$SpringApplicationAdmin - Application shutdown requested.
2020-02-08 18:58:09.110 default [RMI TCP Connection(2)-127.0.0.1] INFO  o.s.scheduling.concurrent.ThreadPoolTaskExecutor - Shutting down ExecutorService 'applicationTaskExecutor'
2020-02-08 18:58:09.111 default [RMI TCP Connection(2)-127.0.0.1] INFO  com.zaxxer.hikari.HikariDataSource - HikariPool-2 - Shutdown initiated...
2020-02-08 18:58:09.111 default [RMI TCP Connection(2)-127.0.0.1] INFO  com.zaxxer.hikari.HikariDataSource - HikariPool-2 - Shutdown completed.
2020-02-08 20:18:23.508 default [restartedMain] INFO  com.example.demo.Demo1Application - Starting Demo1Application on MSI with PID 12480 (started by msi-user in E:\文件\2020_swcontest\sw2020_server)
2020-02-08 20:18:23.518 default [restartedMain] INFO  com.example.demo.Demo1Application - No active profile set, falling back to default profiles: default
2020-02-08 20:18:23.558 default [restartedMain] INFO  o.s.b.d.env.DevToolsPropertyDefaultsPostProcessor - Devtools property defaults active! Set 'spring.devtools.add-properties' to 'false' to disable
2020-02-08 20:18:23.558 default [restartedMain] INFO  o.s.b.d.env.DevToolsPropertyDefaultsPostProcessor - For additional web related logging consider setting the 'logging.level.web' property to 'DEBUG'
2020-02-08 20:18:24.575 default [restartedMain] INFO  o.s.boot.web.embedded.tomcat.TomcatWebServer - Tomcat initialized with port(s): 8082 (http)
2020-02-08 20:18:24.581 default [restartedMain] INFO  org.apache.coyote.http11.Http11NioProtocol - Initializing ProtocolHandler ["http-nio-8082"]
2020-02-08 20:18:24.581 default [restartedMain] INFO  org.apache.catalina.core.StandardService - Starting service [Tomcat]
2020-02-08 20:18:24.581 default [restartedMain] INFO  org.apache.catalina.core.StandardEngine - Starting Servlet engine: [Apache Tomcat/9.0.29]
2020-02-08 20:18:24.642 default [restartedMain] INFO  o.a.c.c.C.[Tomcat].[localhost].[/sw2020] - Initializing Spring embedded WebApplicationContext
2020-02-08 20:18:24.642 default [restartedMain] INFO  org.springframework.web.context.ContextLoader - Root WebApplicationContext: initialization completed in 1084 ms
2020-02-08 20:18:24.954 default [restartedMain] INFO  o.s.scheduling.concurrent.ThreadPoolTaskExecutor - Initializing ExecutorService 'applicationTaskExecutor'
2020-02-08 20:18:25.090 default [restartedMain] INFO  o.s.b.d.autoconfigure.OptionalLiveReloadServer - LiveReload server is running on port 35729
2020-02-08 20:18:25.110 default [restartedMain] INFO  org.apache.coyote.http11.Http11NioProtocol - Starting ProtocolHandler ["http-nio-8082"]
2020-02-08 20:18:25.130 default [restartedMain] INFO  o.s.boot.web.embedded.tomcat.TomcatWebServer - Tomcat started on port(s): 8082 (http) with context path '/sw2020'
2020-02-08 20:18:25.134 default [restartedMain] INFO  com.example.demo.Demo1Application - Started Demo1Application in 1.838 seconds (JVM running for 2.853)
2020-02-08 20:18:32.753 default [http-nio-8082-exec-1] INFO  o.a.c.c.C.[Tomcat].[localhost].[/sw2020] - Initializing Spring DispatcherServlet 'dispatcherServlet'
2020-02-08 20:18:32.755 default [http-nio-8082-exec-1] INFO  org.springframework.web.servlet.DispatcherServlet - Initializing Servlet 'dispatcherServlet'
2020-02-08 20:18:32.760 default [http-nio-8082-exec-1] INFO  org.springframework.web.servlet.DispatcherServlet - Completed initialization in 5 ms
2020-02-08 20:18:32.801 default [http-nio-8082-exec-1] INFO  com.zaxxer.hikari.HikariDataSource - HikariPool-1 - Starting...
2020-02-08 20:18:33.132 default [http-nio-8082-exec-1] INFO  com.zaxxer.hikari.HikariDataSource - HikariPool-1 - Start completed.
2020-02-08 20:18:33.378 default [http-nio-8082-exec-2] INFO  com.example.demo.controller.CourseController - Teacher:01 query course
2020-02-08 21:06:12.307 default [http-nio-8082-exec-6] INFO  com.example.demo.controller.CourseController - Teacher:01 query course
2020-02-08 21:06:17.746 default [http-nio-8082-exec-7] WARN  o.s.w.s.m.m.a.ExceptionHandlerExceptionResolver - Resolved [com.example.demo.exception.MyException: 账号不存在]
2020-02-08 21:06:23.272 default [http-nio-8082-exec-9] INFO  com.example.demo.controller.CourseController - Teacher:01 query course
2020-02-08 21:06:49.046 default [http-nio-8082-exec-1] INFO  com.example.demo.controller.CourseController - Teacher:01 query course
2020-02-08 21:08:18.203 default [http-nio-8082-exec-4] INFO  com.example.demo.controller.CourseController - Teacher:01 query course
2020-02-08 21:15:09.826 default [http-nio-8082-exec-6] INFO  com.example.demo.controller.CourseController - Teacher:01 query course
2020-02-08 21:16:20.204 default [http-nio-8082-exec-9] INFO  com.example.demo.controller.CourseController - Teacher:01 query course
2020-02-09 12:51:45.851 default [HikariPool-1 housekeeper] WARN  com.zaxxer.hikari.pool.HikariPool - HikariPool-1 - Thread starvation or clock leap detected (housekeeper delta=14h37m15s948ms957µs).
2020-02-09 13:32:40.489 default [http-nio-8082-exec-6] INFO  com.example.demo.controller.CourseController - Teacher:01 query course
2020-02-09 13:33:12.743 default [http-nio-8082-exec-10] INFO  com.example.demo.controller.CourseController - Teacher:01 query course
2020-02-09 13:33:21.672 default [http-nio-8082-exec-1] INFO  com.example.demo.controller.CourseController - Teacher:01 query course
2020-02-09 15:30:22.405 default [HikariPool-1 housekeeper] WARN  com.zaxxer.hikari.pool.HikariPool - HikariPool-1 - Thread starvation or clock leap detected (housekeeper delta=1h51m6s314ms460µs400ns).
2020-02-09 15:41:16.610 default [http-nio-8082-exec-3] INFO  com.example.demo.controller.CourseController - Teacher:01 query course
2020-02-09 15:47:00.461 default [RMI TCP Connection(2)-127.0.0.1] INFO  o.s.b.a.SpringApplicationAdminMXBeanRegistrar$SpringApplicationAdmin - Application shutdown requested.
2020-02-09 15:47:00.466 default [RMI TCP Connection(2)-127.0.0.1] INFO  o.s.scheduling.concurrent.ThreadPoolTaskExecutor - Shutting down ExecutorService 'applicationTaskExecutor'
2020-02-09 15:47:00.466 default [RMI TCP Connection(2)-127.0.0.1] INFO  com.zaxxer.hikari.HikariDataSource - HikariPool-1 - Shutdown initiated...
2020-02-09 15:47:00.479 default [RMI TCP Connection(2)-127.0.0.1] INFO  com.zaxxer.hikari.HikariDataSource - HikariPool-1 - Shutdown completed.
