2020-02-07 15:03:21.530 default [restartedMain] INFO  com.example.demo.Demo1Application - Starting Demo1Application on MSI with PID 18428 (started by msi-user in E:\文件\2020_swcontest\sw2020_server)
2020-02-07 15:03:21.533 default [restartedMain] INFO  com.example.demo.Demo1Application - No active profile set, falling back to default profiles: default
2020-02-07 15:03:21.576 default [restartedMain] INFO  o.s.b.d.env.DevToolsPropertyDefaultsPostProcessor - Devtools property defaults active! Set 'spring.devtools.add-properties' to 'false' to disable
2020-02-07 15:03:21.576 default [restartedMain] INFO  o.s.b.d.env.DevToolsPropertyDefaultsPostProcessor - For additional web related logging consider setting the 'logging.level.web' property to 'DEBUG'
2020-02-07 15:03:22.404 default [restartedMain] INFO  o.s.boot.web.embedded.tomcat.TomcatWebServer - Tomcat initialized with port(s): 8082 (http)
2020-02-07 15:03:22.411 default [restartedMain] INFO  org.apache.coyote.http11.Http11NioProtocol - Initializing ProtocolHandler ["http-nio-8082"]
2020-02-07 15:03:22.411 default [restartedMain] INFO  org.apache.catalina.core.StandardService - Starting service [Tomcat]
2020-02-07 15:03:22.411 default [restartedMain] INFO  org.apache.catalina.core.StandardEngine - Starting Servlet engine: [Apache Tomcat/9.0.29]
2020-02-07 15:03:22.474 default [restartedMain] INFO  o.a.c.c.C.[Tomcat].[localhost].[/sw2020] - Initializing Spring embedded WebApplicationContext
2020-02-07 15:03:22.475 default [restartedMain] INFO  org.springframework.web.context.ContextLoader - Root WebApplicationContext: initialization completed in 897 ms
2020-02-07 15:03:22.805 default [restartedMain] INFO  o.s.scheduling.concurrent.ThreadPoolTaskExecutor - Initializing ExecutorService 'applicationTaskExecutor'
2020-02-07 15:03:22.946 default [restartedMain] INFO  o.s.b.d.autoconfigure.OptionalLiveReloadServer - LiveReload server is running on port 35729
2020-02-07 15:03:22.968 default [restartedMain] INFO  org.apache.coyote.http11.Http11NioProtocol - Starting ProtocolHandler ["http-nio-8082"]
2020-02-07 15:03:22.992 default [restartedMain] INFO  o.s.boot.web.embedded.tomcat.TomcatWebServer - Tomcat started on port(s): 8082 (http) with context path '/sw2020'
2020-02-07 15:03:22.996 default [restartedMain] INFO  com.example.demo.Demo1Application - Started Demo1Application in 1.714 seconds (JVM running for 2.717)
2020-02-07 15:03:43.605 default [http-nio-8082-exec-1] INFO  o.a.c.c.C.[Tomcat].[localhost].[/sw2020] - Initializing Spring DispatcherServlet 'dispatcherServlet'
2020-02-07 15:03:43.607 default [http-nio-8082-exec-1] INFO  org.springframework.web.servlet.DispatcherServlet - Initializing Servlet 'dispatcherServlet'
2020-02-07 15:03:43.612 default [http-nio-8082-exec-1] INFO  org.springframework.web.servlet.DispatcherServlet - Completed initialization in 5 ms
2020-02-07 15:03:43.657 default [http-nio-8082-exec-1] INFO  com.zaxxer.hikari.HikariDataSource - HikariPool-1 - Starting...
2020-02-07 15:03:43.913 default [http-nio-8082-exec-1] INFO  com.zaxxer.hikari.HikariDataSource - HikariPool-1 - Start completed.
2020-02-07 15:03:44.023 default [http-nio-8082-exec-2] INFO  com.example.demo.controller.CourseController - Teacher:01 query course
2020-02-07 15:06:31.517 default [http-nio-8082-exec-7] INFO  com.example.demo.controller.CourseController - Teacher:01 query course
2020-02-07 15:06:45.710 default [http-nio-8082-exec-8] INFO  com.example.demo.controller.CourseController - Teacher:01 query course
2020-02-07 15:13:33.235 default [http-nio-8082-exec-10] INFO  com.example.demo.controller.CourseController - Teacher:01 query course
2020-02-07 15:13:48.713 default [http-nio-8082-exec-1] INFO  com.example.demo.controller.CourseController - Teacher:01 query course
2020-02-07 16:04:39.507 default [Thread-5] INFO  o.s.scheduling.concurrent.ThreadPoolTaskExecutor - Shutting down ExecutorService 'applicationTaskExecutor'
2020-02-07 16:04:39.508 default [Thread-5] INFO  com.zaxxer.hikari.HikariDataSource - HikariPool-1 - Shutdown initiated...
2020-02-07 16:04:39.516 default [Thread-5] INFO  com.zaxxer.hikari.HikariDataSource - HikariPool-1 - Shutdown completed.
2020-02-07 16:04:39.768 default [restartedMain] INFO  com.example.demo.Demo1Application - Starting Demo1Application on MSI with PID 18428 (started by msi-user in E:\文件\2020_swcontest\sw2020_server)
2020-02-07 16:04:39.768 default [restartedMain] INFO  com.example.demo.Demo1Application - No active profile set, falling back to default profiles: default
2020-02-07 16:04:40.009 default [restartedMain] WARN  org.apache.tomcat.util.modeler.Registry - The MBean registry cannot be disabled because it has already been initialised
2020-02-07 16:04:40.018 default [restartedMain] INFO  o.s.boot.web.embedded.tomcat.TomcatWebServer - Tomcat initialized with port(s): 8082 (http)
2020-02-07 16:04:40.018 default [restartedMain] INFO  org.apache.coyote.http11.Http11NioProtocol - Initializing ProtocolHandler ["http-nio-8082"]
2020-02-07 16:04:40.019 default [restartedMain] INFO  org.apache.catalina.core.StandardService - Starting service [Tomcat]
2020-02-07 16:04:40.019 default [restartedMain] INFO  org.apache.catalina.core.StandardEngine - Starting Servlet engine: [Apache Tomcat/9.0.29]
2020-02-07 16:04:40.034 default [restartedMain] INFO  o.a.c.c.C.[Tomcat].[localhost].[/sw2020] - Initializing Spring embedded WebApplicationContext
2020-02-07 16:04:40.034 default [restartedMain] INFO  org.springframework.web.context.ContextLoader - Root WebApplicationContext: initialization completed in 264 ms
2020-02-07 16:04:40.143 default [restartedMain] INFO  o.s.scheduling.concurrent.ThreadPoolTaskExecutor - Initializing ExecutorService 'applicationTaskExecutor'
2020-02-07 16:04:40.192 default [restartedMain] INFO  o.s.b.d.autoconfigure.OptionalLiveReloadServer - LiveReload server is running on port 35729
2020-02-07 16:04:40.201 default [restartedMain] INFO  org.apache.coyote.http11.Http11NioProtocol - Starting ProtocolHandler ["http-nio-8082"]
2020-02-07 16:04:40.205 default [restartedMain] INFO  o.s.boot.web.embedded.tomcat.TomcatWebServer - Tomcat started on port(s): 8082 (http) with context path '/sw2020'
2020-02-07 16:04:40.206 default [restartedMain] INFO  com.example.demo.Demo1Application - Started Demo1Application in 0.461 seconds (JVM running for 3679.926)
2020-02-07 16:04:40.207 default [restartedMain] INFO  o.s.b.d.a.ConditionEvaluationDeltaLoggingListener - Condition evaluation unchanged
2020-02-07 16:05:41.529 default [Thread-8] INFO  o.s.scheduling.concurrent.ThreadPoolTaskExecutor - Shutting down ExecutorService 'applicationTaskExecutor'
2020-02-07 16:05:41.829 default [restartedMain] INFO  com.example.demo.Demo1Application - Starting Demo1Application on MSI with PID 18428 (started by msi-user in E:\文件\2020_swcontest\sw2020_server)
2020-02-07 16:05:41.829 default [restartedMain] INFO  com.example.demo.Demo1Application - No active profile set, falling back to default profiles: default
2020-02-07 16:05:42.018 default [restartedMain] WARN  org.apache.tomcat.util.modeler.Registry - The MBean registry cannot be disabled because it has already been initialised
2020-02-07 16:05:42.028 default [restartedMain] INFO  o.s.boot.web.embedded.tomcat.TomcatWebServer - Tomcat initialized with port(s): 8082 (http)
2020-02-07 16:05:42.028 default [restartedMain] INFO  org.apache.coyote.http11.Http11NioProtocol - Initializing ProtocolHandler ["http-nio-8082"]
2020-02-07 16:05:42.028 default [restartedMain] INFO  org.apache.catalina.core.StandardService - Starting service [Tomcat]
2020-02-07 16:05:42.029 default [restartedMain] INFO  org.apache.catalina.core.StandardEngine - Starting Servlet engine: [Apache Tomcat/9.0.29]
2020-02-07 16:05:42.043 default [restartedMain] INFO  o.a.c.c.C.[Tomcat].[localhost].[/sw2020] - Initializing Spring embedded WebApplicationContext
2020-02-07 16:05:42.044 default [restartedMain] INFO  org.springframework.web.context.ContextLoader - Root WebApplicationContext: initialization completed in 212 ms
2020-02-07 16:05:42.140 default [restartedMain] INFO  o.s.scheduling.concurrent.ThreadPoolTaskExecutor - Initializing ExecutorService 'applicationTaskExecutor'
2020-02-07 16:05:42.184 default [restartedMain] INFO  o.s.b.d.autoconfigure.OptionalLiveReloadServer - LiveReload server is running on port 35729
2020-02-07 16:05:42.194 default [restartedMain] INFO  org.apache.coyote.http11.Http11NioProtocol - Starting ProtocolHandler ["http-nio-8082"]
2020-02-07 16:05:42.200 default [restartedMain] INFO  o.s.boot.web.embedded.tomcat.TomcatWebServer - Tomcat started on port(s): 8082 (http) with context path '/sw2020'
2020-02-07 16:05:42.200 default [restartedMain] INFO  com.example.demo.Demo1Application - Started Demo1Application in 0.394 seconds (JVM running for 3741.921)
2020-02-07 16:05:42.201 default [restartedMain] INFO  o.s.b.d.a.ConditionEvaluationDeltaLoggingListener - Condition evaluation unchanged
2020-02-07 16:05:57.646 default [Thread-13] INFO  o.s.scheduling.concurrent.ThreadPoolTaskExecutor - Shutting down ExecutorService 'applicationTaskExecutor'
2020-02-07 16:05:57.896 default [restartedMain] INFO  com.example.demo.Demo1Application - Starting Demo1Application on MSI with PID 18428 (started by msi-user in E:\文件\2020_swcontest\sw2020_server)
2020-02-07 16:05:57.896 default [restartedMain] INFO  com.example.demo.Demo1Application - No active profile set, falling back to default profiles: default
2020-02-07 16:05:58.068 default [restartedMain] WARN  org.apache.tomcat.util.modeler.Registry - The MBean registry cannot be disabled because it has already been initialised
2020-02-07 16:05:58.079 default [restartedMain] INFO  o.s.boot.web.embedded.tomcat.TomcatWebServer - Tomcat initialized with port(s): 8082 (http)
2020-02-07 16:05:58.079 default [restartedMain] INFO  org.apache.coyote.http11.Http11NioProtocol - Initializing ProtocolHandler ["http-nio-8082"]
2020-02-07 16:05:58.080 default [restartedMain] INFO  org.apache.catalina.core.StandardService - Starting service [Tomcat]
2020-02-07 16:05:58.080 default [restartedMain] INFO  org.apache.catalina.core.StandardEngine - Starting Servlet engine: [Apache Tomcat/9.0.29]
2020-02-07 16:05:58.100 default [restartedMain] INFO  o.a.c.c.C.[Tomcat].[localhost].[/sw2020] - Initializing Spring embedded WebApplicationContext
2020-02-07 16:05:58.100 default [restartedMain] INFO  org.springframework.web.context.ContextLoader - Root WebApplicationContext: initialization completed in 203 ms
2020-02-07 16:05:58.182 default [restartedMain] INFO  o.s.scheduling.concurrent.ThreadPoolTaskExecutor - Initializing ExecutorService 'applicationTaskExecutor'
2020-02-07 16:05:58.224 default [restartedMain] INFO  o.s.b.d.autoconfigure.OptionalLiveReloadServer - LiveReload server is running on port 35729
2020-02-07 16:05:58.232 default [restartedMain] INFO  org.apache.coyote.http11.Http11NioProtocol - Starting ProtocolHandler ["http-nio-8082"]
2020-02-07 16:05:58.235 default [restartedMain] INFO  o.s.boot.web.embedded.tomcat.TomcatWebServer - Tomcat started on port(s): 8082 (http) with context path '/sw2020'
2020-02-07 16:05:58.236 default [restartedMain] INFO  com.example.demo.Demo1Application - Started Demo1Application in 0.362 seconds (JVM running for 3757.956)
2020-02-07 16:05:58.237 default [restartedMain] INFO  o.s.b.d.a.ConditionEvaluationDeltaLoggingListener - Condition evaluation unchanged
2020-02-07 16:06:31.781 default [Thread-18] INFO  o.s.scheduling.concurrent.ThreadPoolTaskExecutor - Shutting down ExecutorService 'applicationTaskExecutor'
2020-02-07 16:06:32.045 default [restartedMain] INFO  com.example.demo.Demo1Application - Starting Demo1Application on MSI with PID 18428 (started by msi-user in E:\文件\2020_swcontest\sw2020_server)
2020-02-07 16:06:32.046 default [restartedMain] INFO  com.example.demo.Demo1Application - No active profile set, falling back to default profiles: default
2020-02-07 16:06:32.244 default [restartedMain] WARN  org.apache.tomcat.util.modeler.Registry - The MBean registry cannot be disabled because it has already been initialised
2020-02-07 16:06:32.259 default [restartedMain] INFO  o.s.boot.web.embedded.tomcat.TomcatWebServer - Tomcat initialized with port(s): 8082 (http)
2020-02-07 16:06:32.260 default [restartedMain] INFO  org.apache.coyote.http11.Http11NioProtocol - Initializing ProtocolHandler ["http-nio-8082"]
2020-02-07 16:06:32.260 default [restartedMain] INFO  org.apache.catalina.core.StandardService - Starting service [Tomcat]
2020-02-07 16:06:32.260 default [restartedMain] INFO  org.apache.catalina.core.StandardEngine - Starting Servlet engine: [Apache Tomcat/9.0.29]
2020-02-07 16:06:32.279 default [restartedMain] INFO  o.a.c.c.C.[Tomcat].[localhost].[/sw2020] - Initializing Spring embedded WebApplicationContext
2020-02-07 16:06:32.279 default [restartedMain] INFO  org.springframework.web.context.ContextLoader - Root WebApplicationContext: initialization completed in 232 ms
2020-02-07 16:06:32.372 default [restartedMain] INFO  o.s.scheduling.concurrent.ThreadPoolTaskExecutor - Initializing ExecutorService 'applicationTaskExecutor'
2020-02-07 16:06:32.424 default [restartedMain] INFO  o.s.b.d.autoconfigure.OptionalLiveReloadServer - LiveReload server is running on port 35729
2020-02-07 16:06:32.434 default [restartedMain] INFO  org.apache.coyote.http11.Http11NioProtocol - Starting ProtocolHandler ["http-nio-8082"]
2020-02-07 16:06:32.438 default [restartedMain] INFO  o.s.boot.web.embedded.tomcat.TomcatWebServer - Tomcat started on port(s): 8082 (http) with context path '/sw2020'
2020-02-07 16:06:32.438 default [restartedMain] INFO  com.example.demo.Demo1Application - Started Demo1Application in 0.41 seconds (JVM running for 3792.159)
2020-02-07 16:06:32.439 default [restartedMain] INFO  o.s.b.d.a.ConditionEvaluationDeltaLoggingListener - Condition evaluation unchanged
2020-02-07 16:07:20.014 default [Thread-23] INFO  o.s.scheduling.concurrent.ThreadPoolTaskExecutor - Shutting down ExecutorService 'applicationTaskExecutor'
2020-02-07 16:07:20.252 default [restartedMain] INFO  com.example.demo.Demo1Application - Starting Demo1Application on MSI with PID 18428 (started by msi-user in E:\文件\2020_swcontest\sw2020_server)
2020-02-07 16:07:20.252 default [restartedMain] INFO  com.example.demo.Demo1Application - No active profile set, falling back to default profiles: default
2020-02-07 16:07:20.423 default [restartedMain] WARN  org.apache.tomcat.util.modeler.Registry - The MBean registry cannot be disabled because it has already been initialised
2020-02-07 16:07:20.434 default [restartedMain] INFO  o.s.boot.web.embedded.tomcat.TomcatWebServer - Tomcat initialized with port(s): 8082 (http)
2020-02-07 16:07:20.435 default [restartedMain] INFO  org.apache.coyote.http11.Http11NioProtocol - Initializing ProtocolHandler ["http-nio-8082"]
2020-02-07 16:07:20.435 default [restartedMain] INFO  org.apache.catalina.core.StandardService - Starting service [Tomcat]
2020-02-07 16:07:20.436 default [restartedMain] INFO  org.apache.catalina.core.StandardEngine - Starting Servlet engine: [Apache Tomcat/9.0.29]
2020-02-07 16:07:20.449 default [restartedMain] INFO  o.a.c.c.C.[Tomcat].[localhost].[/sw2020] - Initializing Spring embedded WebApplicationContext
2020-02-07 16:07:20.449 default [restartedMain] INFO  org.springframework.web.context.ContextLoader - Root WebApplicationContext: initialization completed in 195 ms
2020-02-07 16:07:20.529 default [restartedMain] INFO  o.s.scheduling.concurrent.ThreadPoolTaskExecutor - Initializing ExecutorService 'applicationTaskExecutor'
2020-02-07 16:07:20.570 default [restartedMain] INFO  o.s.b.d.autoconfigure.OptionalLiveReloadServer - LiveReload server is running on port 35729
2020-02-07 16:07:20.579 default [restartedMain] INFO  org.apache.coyote.http11.Http11NioProtocol - Starting ProtocolHandler ["http-nio-8082"]
2020-02-07 16:07:20.583 default [restartedMain] INFO  o.s.boot.web.embedded.tomcat.TomcatWebServer - Tomcat started on port(s): 8082 (http) with context path '/sw2020'
2020-02-07 16:07:20.584 default [restartedMain] INFO  com.example.demo.Demo1Application - Started Demo1Application in 0.35 seconds (JVM running for 3840.304)
2020-02-07 16:07:20.585 default [restartedMain] INFO  o.s.b.d.a.ConditionEvaluationDeltaLoggingListener - Condition evaluation unchanged
2020-02-07 16:07:24.939 default [RMI TCP Connection(2)-127.0.0.1] INFO  o.s.b.a.SpringApplicationAdminMXBeanRegistrar$SpringApplicationAdmin - Application shutdown requested.
2020-02-07 16:07:24.942 default [RMI TCP Connection(2)-127.0.0.1] INFO  o.s.scheduling.concurrent.ThreadPoolTaskExecutor - Shutting down ExecutorService 'applicationTaskExecutor'
2020-02-07 18:59:24.790 default [restartedMain] INFO  com.example.demo.Demo1Application - Starting Demo1Application on MSI with PID 11676 (started by msi-user in E:\文件\2020_swcontest\sw2020_server)
2020-02-07 18:59:24.793 default [restartedMain] INFO  com.example.demo.Demo1Application - No active profile set, falling back to default profiles: default
2020-02-07 18:59:24.824 default [restartedMain] INFO  o.s.b.d.env.DevToolsPropertyDefaultsPostProcessor - Devtools property defaults active! Set 'spring.devtools.add-properties' to 'false' to disable
2020-02-07 18:59:24.824 default [restartedMain] INFO  o.s.b.d.env.DevToolsPropertyDefaultsPostProcessor - For additional web related logging consider setting the 'logging.level.web' property to 'DEBUG'
2020-02-07 18:59:25.554 default [restartedMain] INFO  o.s.boot.web.embedded.tomcat.TomcatWebServer - Tomcat initialized with port(s): 8082 (http)
2020-02-07 18:59:25.560 default [restartedMain] INFO  org.apache.coyote.http11.Http11NioProtocol - Initializing ProtocolHandler ["http-nio-8082"]
2020-02-07 18:59:25.561 default [restartedMain] INFO  org.apache.catalina.core.StandardService - Starting service [Tomcat]
2020-02-07 18:59:25.561 default [restartedMain] INFO  org.apache.catalina.core.StandardEngine - Starting Servlet engine: [Apache Tomcat/9.0.29]
2020-02-07 18:59:25.622 default [restartedMain] INFO  o.a.c.c.C.[Tomcat].[localhost].[/sw2020] - Initializing Spring embedded WebApplicationContext
2020-02-07 18:59:25.623 default [restartedMain] INFO  org.springframework.web.context.ContextLoader - Root WebApplicationContext: initialization completed in 799 ms
2020-02-07 18:59:25.821 default [restartedMain] WARN  o.s.b.w.s.c.AnnotationConfigServletWebServerApplicationContext - Exception encountered during context initialization - cancelling refresh attempt: org.springframework.beans.factory.UnsatisfiedDependencyException: Error creating bean with name 'courseClassController': Unsatisfied dependency expressed through field 'service'; nested exception is org.springframework.beans.factory.UnsatisfiedDependencyException: Error creating bean with name 'courseClassServiceImp': Unsatisfied dependency expressed through field 'mapper'; nested exception is org.springframework.beans.factory.UnsatisfiedDependencyException: Error creating bean with name 'courseClassMapper' defined in file [E:\文件\2020_swcontest\sw2020_server\target\classes\com\example\demo\dao\CourseClassMapper.class]: Unsatisfied dependency expressed through bean property 'sqlSessionFactory'; nested exception is org.springframework.beans.factory.BeanCreationException: Error creating bean with name 'sqlSessionFactory' defined in class path resource [org/mybatis/spring/boot/autoconfigure/MybatisAutoConfiguration.class]: Bean instantiation via factory method failed; nested exception is org.springframework.beans.BeanInstantiationException: Failed to instantiate [org.apache.ibatis.session.SqlSessionFactory]: Factory method 'sqlSessionFactory' threw exception; nested exception is org.springframework.core.NestedIOException: Failed to parse mapping resource: 'file [E:\文件\2020_swcontest\sw2020_server\target\classes\mapper\KeyGraphMapper.xml]'; nested exception is org.apache.ibatis.builder.BuilderException: Error parsing Mapper XML. The XML location is 'file [E:\文件\2020_swcontest\sw2020_server\target\classes\mapper\KeyGraphMapper.xml]'. Cause: org.apache.ibatis.builder.BuilderException: Parsing error was found in mapping #{parentNonde),
		#{childNode}.  Check syntax #{property|(expression), var1=value1, var2=value2, ...} 
2020-02-07 18:59:25.824 default [restartedMain] INFO  org.apache.catalina.core.StandardService - Stopping service [Tomcat]
2020-02-07 18:59:25.836 default [restartedMain] INFO  o.s.b.a.l.ConditionEvaluationReportLoggingListener - 

Error starting ApplicationContext. To display the conditions report re-run your application with 'debug' enabled.
2020-02-07 18:59:25.843 default [restartedMain] ERROR org.springframework.boot.SpringApplication - Application run failed
org.springframework.beans.factory.UnsatisfiedDependencyException: Error creating bean with name 'courseClassController': Unsatisfied dependency expressed through field 'service'; nested exception is org.springframework.beans.factory.UnsatisfiedDependencyException: Error creating bean with name 'courseClassServiceImp': Unsatisfied dependency expressed through field 'mapper'; nested exception is org.springframework.beans.factory.UnsatisfiedDependencyException: Error creating bean with name 'courseClassMapper' defined in file [E:\文件\2020_swcontest\sw2020_server\target\classes\com\example\demo\dao\CourseClassMapper.class]: Unsatisfied dependency expressed through bean property 'sqlSessionFactory'; nested exception is org.springframework.beans.factory.BeanCreationException: Error creating bean with name 'sqlSessionFactory' defined in class path resource [org/mybatis/spring/boot/autoconfigure/MybatisAutoConfiguration.class]: Bean instantiation via factory method failed; nested exception is org.springframework.beans.BeanInstantiationException: Failed to instantiate [org.apache.ibatis.session.SqlSessionFactory]: Factory method 'sqlSessionFactory' threw exception; nested exception is org.springframework.core.NestedIOException: Failed to parse mapping resource: 'file [E:\文件\2020_swcontest\sw2020_server\target\classes\mapper\KeyGraphMapper.xml]'; nested exception is org.apache.ibatis.builder.BuilderException: Error parsing Mapper XML. The XML location is 'file [E:\文件\2020_swcontest\sw2020_server\target\classes\mapper\KeyGraphMapper.xml]'. Cause: org.apache.ibatis.builder.BuilderException: Parsing error was found in mapping #{parentNonde),
		#{childNode}.  Check syntax #{property|(expression), var1=value1, var2=value2, ...} 
	at org.springframework.beans.factory.annotation.AutowiredAnnotationBeanPostProcessor$AutowiredFieldElement.inject(AutowiredAnnotationBeanPostProcessor.java:643)
	at org.springframework.beans.factory.annotation.InjectionMetadata.inject(InjectionMetadata.java:116)
	at org.springframework.beans.factory.annotation.AutowiredAnnotationBeanPostProcessor.postProcessProperties(AutowiredAnnotationBeanPostProcessor.java:399)
	at org.springframework.beans.factory.support.AbstractAutowireCapableBeanFactory.populateBean(AbstractAutowireCapableBeanFactory.java:1422)
	at org.springframework.beans.factory.support.AbstractAutowireCapableBeanFactory.doCreateBean(AbstractAutowireCapableBeanFactory.java:594)
	at org.springframework.beans.factory.support.AbstractAutowireCapableBeanFactory.createBean(AbstractAutowireCapableBeanFactory.java:517)
	at org.springframework.beans.factory.support.AbstractBeanFactory.lambda$doGetBean$0(AbstractBeanFactory.java:323)
	at org.springframework.beans.factory.support.DefaultSingletonBeanRegistry.getSingleton(DefaultSingletonBeanRegistry.java:222)
	at org.springframework.beans.factory.support.AbstractBeanFactory.doGetBean(AbstractBeanFactory.java:321)
	at org.springframework.beans.factory.support.AbstractBeanFactory.getBean(AbstractBeanFactory.java:202)
	at org.springframework.beans.factory.support.DefaultListableBeanFactory.preInstantiateSingletons(DefaultListableBeanFactory.java:879)
	at org.springframework.context.support.AbstractApplicationContext.finishBeanFactoryInitialization(AbstractApplicationContext.java:878)
	at org.springframework.context.support.AbstractApplicationContext.refresh(AbstractApplicationContext.java:550)
	at org.springframework.boot.web.servlet.context.ServletWebServerApplicationContext.refresh(ServletWebServerApplicationContext.java:141)
	at org.springframework.boot.SpringApplication.refresh(SpringApplication.java:747)
	at org.springframework.boot.SpringApplication.refreshContext(SpringApplication.java:397)
	at org.springframework.boot.SpringApplication.run(SpringApplication.java:315)
	at org.springframework.boot.SpringApplication.run(SpringApplication.java:1226)
	at org.springframework.boot.SpringApplication.run(SpringApplication.java:1215)
	at com.example.demo.Demo1Application.main(Demo1Application.java:10)
	at java.base/jdk.internal.reflect.NativeMethodAccessorImpl.invoke0(Native Method)
	at java.base/jdk.internal.reflect.NativeMethodAccessorImpl.invoke(NativeMethodAccessorImpl.java:62)
	at java.base/jdk.internal.reflect.DelegatingMethodAccessorImpl.invoke(DelegatingMethodAccessorImpl.java:43)
	at java.base/java.lang.reflect.Method.invoke(Method.java:567)
	at org.springframework.boot.devtools.restart.RestartLauncher.run(RestartLauncher.java:49)
Caused by: org.springframework.beans.factory.UnsatisfiedDependencyException: Error creating bean with name 'courseClassServiceImp': Unsatisfied dependency expressed through field 'mapper'; nested exception is org.springframework.beans.factory.UnsatisfiedDependencyException: Error creating bean with name 'courseClassMapper' defined in file [E:\文件\2020_swcontest\sw2020_server\target\classes\com\example\demo\dao\CourseClassMapper.class]: Unsatisfied dependency expressed through bean property 'sqlSessionFactory'; nested exception is org.springframework.beans.factory.BeanCreationException: Error creating bean with name 'sqlSessionFactory' defined in class path resource [org/mybatis/spring/boot/autoconfigure/MybatisAutoConfiguration.class]: Bean instantiation via factory method failed; nested exception is org.springframework.beans.BeanInstantiationException: Failed to instantiate [org.apache.ibatis.session.SqlSessionFactory]: Factory method 'sqlSessionFactory' threw exception; nested exception is org.springframework.core.NestedIOException: Failed to parse mapping resource: 'file [E:\文件\2020_swcontest\sw2020_server\target\classes\mapper\KeyGraphMapper.xml]'; nested exception is org.apache.ibatis.builder.BuilderException: Error parsing Mapper XML. The XML location is 'file [E:\文件\2020_swcontest\sw2020_server\target\classes\mapper\KeyGraphMapper.xml]'. Cause: org.apache.ibatis.builder.BuilderException: Parsing error was found in mapping #{parentNonde),
		#{childNode}.  Check syntax #{property|(expression), var1=value1, var2=value2, ...} 
	at org.springframework.beans.factory.annotation.AutowiredAnnotationBeanPostProcessor$AutowiredFieldElement.inject(AutowiredAnnotationBeanPostProcessor.java:643)
	at org.springframework.beans.factory.annotation.InjectionMetadata.inject(InjectionMetadata.java:116)
	at org.springframework.beans.factory.annotation.AutowiredAnnotationBeanPostProcessor.postProcessProperties(AutowiredAnnotationBeanPostProcessor.java:399)
	at org.springframework.beans.factory.support.AbstractAutowireCapableBeanFactory.populateBean(AbstractAutowireCapableBeanFactory.java:1422)
	at org.springframework.beans.factory.support.AbstractAutowireCapableBeanFactory.doCreateBean(AbstractAutowireCapableBeanFactory.java:594)
	at org.springframework.beans.factory.support.AbstractAutowireCapableBeanFactory.createBean(AbstractAutowireCapableBeanFactory.java:517)
	at org.springframework.beans.factory.support.AbstractBeanFactory.lambda$doGetBean$0(AbstractBeanFactory.java:323)
	at org.springframework.beans.factory.support.DefaultSingletonBeanRegistry.getSingleton(DefaultSingletonBeanRegistry.java:222)
	at org.springframework.beans.factory.support.AbstractBeanFactory.doGetBean(AbstractBeanFactory.java:321)
	at org.springframework.beans.factory.support.AbstractBeanFactory.getBean(AbstractBeanFactory.java:202)
	at org.springframework.beans.factory.config.DependencyDescriptor.resolveCandidate(DependencyDescriptor.java:276)
	at org.springframework.beans.factory.support.DefaultListableBeanFactory.doResolveDependency(DefaultListableBeanFactory.java:1287)
	at org.springframework.beans.factory.support.DefaultListableBeanFactory.resolveDependency(DefaultListableBeanFactory.java:1207)
	at org.springframework.beans.factory.annotation.AutowiredAnnotationBeanPostProcessor$AutowiredFieldElement.inject(AutowiredAnnotationBeanPostProcessor.java:640)
	... 24 common frames omitted
Caused by: org.springframework.beans.factory.UnsatisfiedDependencyException: Error creating bean with name 'courseClassMapper' defined in file [E:\文件\2020_swcontest\sw2020_server\target\classes\com\example\demo\dao\CourseClassMapper.class]: Unsatisfied dependency expressed through bean property 'sqlSessionFactory'; nested exception is org.springframework.beans.factory.BeanCreationException: Error creating bean with name 'sqlSessionFactory' defined in class path resource [org/mybatis/spring/boot/autoconfigure/MybatisAutoConfiguration.class]: Bean instantiation via factory method failed; nested exception is org.springframework.beans.BeanInstantiationException: Failed to instantiate [org.apache.ibatis.session.SqlSessionFactory]: Factory method 'sqlSessionFactory' threw exception; nested exception is org.springframework.core.NestedIOException: Failed to parse mapping resource: 'file [E:\文件\2020_swcontest\sw2020_server\target\classes\mapper\KeyGraphMapper.xml]'; nested exception is org.apache.ibatis.builder.BuilderException: Error parsing Mapper XML. The XML location is 'file [E:\文件\2020_swcontest\sw2020_server\target\classes\mapper\KeyGraphMapper.xml]'. Cause: org.apache.ibatis.builder.BuilderException: Parsing error was found in mapping #{parentNonde),
		#{childNode}.  Check syntax #{property|(expression), var1=value1, var2=value2, ...} 
	at org.springframework.beans.factory.support.AbstractAutowireCapableBeanFactory.autowireByType(AbstractAutowireCapableBeanFactory.java:1526)
	at org.springframework.beans.factory.support.AbstractAutowireCapableBeanFactory.populateBean(AbstractAutowireCapableBeanFactory.java:1406)
	at org.springframework.beans.factory.support.AbstractAutowireCapableBeanFactory.doCreateBean(AbstractAutowireCapableBeanFactory.java:594)
	at org.springframework.beans.factory.support.AbstractAutowireCapableBeanFactory.createBean(AbstractAutowireCapableBeanFactory.java:517)
	at org.springframework.beans.factory.support.AbstractBeanFactory.lambda$doGetBean$0(AbstractBeanFactory.java:323)
	at org.springframework.beans.factory.support.DefaultSingletonBeanRegistry.getSingleton(DefaultSingletonBeanRegistry.java:222)
	at org.springframework.beans.factory.support.AbstractBeanFactory.doGetBean(AbstractBeanFactory.java:321)
	at org.springframework.beans.factory.support.AbstractBeanFactory.getBean(AbstractBeanFactory.java:202)
	at org.springframework.beans.factory.config.DependencyDescriptor.resolveCandidate(DependencyDescriptor.java:276)
	at org.springframework.beans.factory.support.DefaultListableBeanFactory.doResolveDependency(DefaultListableBeanFactory.java:1287)
	at org.springframework.beans.factory.support.DefaultListableBeanFactory.resolveDependency(DefaultListableBeanFactory.java:1207)
	at org.springframework.beans.factory.annotation.AutowiredAnnotationBeanPostProcessor$AutowiredFieldElement.inject(AutowiredAnnotationBeanPostProcessor.java:640)
	... 37 common frames omitted
Caused by: org.springframework.beans.factory.BeanCreationException: Error creating bean with name 'sqlSessionFactory' defined in class path resource [org/mybatis/spring/boot/autoconfigure/MybatisAutoConfiguration.class]: Bean instantiation via factory method failed; nested exception is org.springframework.beans.BeanInstantiationException: Failed to instantiate [org.apache.ibatis.session.SqlSessionFactory]: Factory method 'sqlSessionFactory' threw exception; nested exception is org.springframework.core.NestedIOException: Failed to parse mapping resource: 'file [E:\文件\2020_swcontest\sw2020_server\target\classes\mapper\KeyGraphMapper.xml]'; nested exception is org.apache.ibatis.builder.BuilderException: Error parsing Mapper XML. The XML location is 'file [E:\文件\2020_swcontest\sw2020_server\target\classes\mapper\KeyGraphMapper.xml]'. Cause: org.apache.ibatis.builder.BuilderException: Parsing error was found in mapping #{parentNonde),
		#{childNode}.  Check syntax #{property|(expression), var1=value1, var2=value2, ...} 
	at org.springframework.beans.factory.support.ConstructorResolver.instantiate(ConstructorResolver.java:656)
	at org.springframework.beans.factory.support.ConstructorResolver.instantiateUsingFactoryMethod(ConstructorResolver.java:636)
	at org.springframework.beans.factory.support.AbstractAutowireCapableBeanFactory.instantiateUsingFactoryMethod(AbstractAutowireCapableBeanFactory.java:1338)
	at org.springframework.beans.factory.support.AbstractAutowireCapableBeanFactory.createBeanInstance(AbstractAutowireCapableBeanFactory.java:1177)
	at org.springframework.beans.factory.support.AbstractAutowireCapableBeanFactory.doCreateBean(AbstractAutowireCapableBeanFactory.java:557)
	at org.springframework.beans.factory.support.AbstractAutowireCapableBeanFactory.createBean(AbstractAutowireCapableBeanFactory.java:517)
	at org.springframework.beans.factory.support.AbstractBeanFactory.lambda$doGetBean$0(AbstractBeanFactory.java:323)
	at org.springframework.beans.factory.support.DefaultSingletonBeanRegistry.getSingleton(DefaultSingletonBeanRegistry.java:222)
	at org.springframework.beans.factory.support.AbstractBeanFactory.doGetBean(AbstractBeanFactory.java:321)
	at org.springframework.beans.factory.support.AbstractBeanFactory.getBean(AbstractBeanFactory.java:202)
	at org.springframework.beans.factory.config.DependencyDescriptor.resolveCandidate(DependencyDescriptor.java:276)
	at org.springframework.beans.factory.support.DefaultListableBeanFactory.doResolveDependency(DefaultListableBeanFactory.java:1287)
	at org.springframework.beans.factory.support.DefaultListableBeanFactory.resolveDependency(DefaultListableBeanFactory.java:1207)
	at org.springframework.beans.factory.support.AbstractAutowireCapableBeanFactory.autowireByType(AbstractAutowireCapableBeanFactory.java:1511)
	... 48 common frames omitted
Caused by: org.springframework.beans.BeanInstantiationException: Failed to instantiate [org.apache.ibatis.session.SqlSessionFactory]: Factory method 'sqlSessionFactory' threw exception; nested exception is org.springframework.core.NestedIOException: Failed to parse mapping resource: 'file [E:\文件\2020_swcontest\sw2020_server\target\classes\mapper\KeyGraphMapper.xml]'; nested exception is org.apache.ibatis.builder.BuilderException: Error parsing Mapper XML. The XML location is 'file [E:\文件\2020_swcontest\sw2020_server\target\classes\mapper\KeyGraphMapper.xml]'. Cause: org.apache.ibatis.builder.BuilderException: Parsing error was found in mapping #{parentNonde),
		#{childNode}.  Check syntax #{property|(expression), var1=value1, var2=value2, ...} 
	at org.springframework.beans.factory.support.SimpleInstantiationStrategy.instantiate(SimpleInstantiationStrategy.java:185)
	at org.springframework.beans.factory.support.ConstructorResolver.instantiate(ConstructorResolver.java:651)
	... 61 common frames omitted
Caused by: org.springframework.core.NestedIOException: Failed to parse mapping resource: 'file [E:\文件\2020_swcontest\sw2020_server\target\classes\mapper\KeyGraphMapper.xml]'; nested exception is org.apache.ibatis.builder.BuilderException: Error parsing Mapper XML. The XML location is 'file [E:\文件\2020_swcontest\sw2020_server\target\classes\mapper\KeyGraphMapper.xml]'. Cause: org.apache.ibatis.builder.BuilderException: Parsing error was found in mapping #{parentNonde),
		#{childNode}.  Check syntax #{property|(expression), var1=value1, var2=value2, ...} 
	at org.mybatis.spring.SqlSessionFactoryBean.buildSqlSessionFactory(SqlSessionFactoryBean.java:595)
	at org.mybatis.spring.SqlSessionFactoryBean.afterPropertiesSet(SqlSessionFactoryBean.java:475)
	at org.mybatis.spring.SqlSessionFactoryBean.getObject(SqlSessionFactoryBean.java:615)
	at org.mybatis.spring.boot.autoconfigure.MybatisAutoConfiguration.sqlSessionFactory(MybatisAutoConfiguration.java:180)
	at org.mybatis.spring.boot.autoconfigure.MybatisAutoConfiguration$$EnhancerBySpringCGLIB$$9400cd3e.CGLIB$sqlSessionFactory$1(<generated>)
	at org.mybatis.spring.boot.autoconfigure.MybatisAutoConfiguration$$EnhancerBySpringCGLIB$$9400cd3e$$FastClassBySpringCGLIB$$38dc1bc.invoke(<generated>)
	at org.springframework.cglib.proxy.MethodProxy.invokeSuper(MethodProxy.java:244)
	at org.springframework.context.annotation.ConfigurationClassEnhancer$BeanMethodInterceptor.intercept(ConfigurationClassEnhancer.java:363)
	at org.mybatis.spring.boot.autoconfigure.MybatisAutoConfiguration$$EnhancerBySpringCGLIB$$9400cd3e.sqlSessionFactory(<generated>)
	at java.base/jdk.internal.reflect.NativeMethodAccessorImpl.invoke0(Native Method)
	at java.base/jdk.internal.reflect.NativeMethodAccessorImpl.invoke(NativeMethodAccessorImpl.java:62)
	at java.base/jdk.internal.reflect.DelegatingMethodAccessorImpl.invoke(DelegatingMethodAccessorImpl.java:43)
	at java.base/java.lang.reflect.Method.invoke(Method.java:567)
	at org.springframework.beans.factory.support.SimpleInstantiationStrategy.instantiate(SimpleInstantiationStrategy.java:154)
	... 62 common frames omitted
Caused by: org.apache.ibatis.builder.BuilderException: Error parsing Mapper XML. The XML location is 'file [E:\文件\2020_swcontest\sw2020_server\target\classes\mapper\KeyGraphMapper.xml]'. Cause: org.apache.ibatis.builder.BuilderException: Parsing error was found in mapping #{parentNonde),
		#{childNode}.  Check syntax #{property|(expression), var1=value1, var2=value2, ...} 
	at org.apache.ibatis.builder.xml.XMLMapperBuilder.configurationElement(XMLMapperBuilder.java:122)
	at org.apache.ibatis.builder.xml.XMLMapperBuilder.parse(XMLMapperBuilder.java:94)
	at org.mybatis.spring.SqlSessionFactoryBean.buildSqlSessionFactory(SqlSessionFactoryBean.java:593)
	... 75 common frames omitted
Caused by: org.apache.ibatis.builder.BuilderException: Parsing error was found in mapping #{parentNonde),
		#{childNode}.  Check syntax #{property|(expression), var1=value1, var2=value2, ...} 
	at org.apache.ibatis.builder.SqlSourceBuilder$ParameterMappingTokenHandler.parseParameterMapping(SqlSourceBuilder.java:132)
	at org.apache.ibatis.builder.SqlSourceBuilder$ParameterMappingTokenHandler.buildParameterMapping(SqlSourceBuilder.java:72)
	at org.apache.ibatis.builder.SqlSourceBuilder$ParameterMappingTokenHandler.handleToken(SqlSourceBuilder.java:67)
	at org.apache.ibatis.parsing.GenericTokenParser.parse(GenericTokenParser.java:77)
	at org.apache.ibatis.builder.SqlSourceBuilder.parse(SqlSourceBuilder.java:45)
	at org.apache.ibatis.scripting.defaults.RawSqlSource.<init>(RawSqlSource.java:46)
	at org.apache.ibatis.scripting.defaults.RawSqlSource.<init>(RawSqlSource.java:40)
	at org.apache.ibatis.scripting.xmltags.XMLScriptBuilder.parseScriptNode(XMLScriptBuilder.java:72)
	at org.apache.ibatis.scripting.xmltags.XMLLanguageDriver.createSqlSource(XMLLanguageDriver.java:44)
	at org.apache.ibatis.builder.xml.XMLStatementBuilder.parseStatementNode(XMLStatementBuilder.java:96)
	at org.apache.ibatis.builder.xml.XMLMapperBuilder.buildStatementFromContext(XMLMapperBuilder.java:137)
	at org.apache.ibatis.builder.xml.XMLMapperBuilder.buildStatementFromContext(XMLMapperBuilder.java:130)
	at org.apache.ibatis.builder.xml.XMLMapperBuilder.configurationElement(XMLMapperBuilder.java:120)
	... 77 common frames omitted
Caused by: java.lang.StringIndexOutOfBoundsException: String index out of range: 28
	at java.base/java.lang.StringLatin1.charAt(StringLatin1.java:47)
	at java.base/java.lang.String.charAt(String.java:702)
	at org.apache.ibatis.builder.ParameterExpression.trimmedStr(ParameterExpression.java:131)
	at org.apache.ibatis.builder.ParameterExpression.option(ParameterExpression.java:124)
	at org.apache.ibatis.builder.ParameterExpression.jdbcTypeOpt(ParameterExpression.java:99)
	at org.apache.ibatis.builder.ParameterExpression.property(ParameterExpression.java:70)
	at org.apache.ibatis.builder.ParameterExpression.parse(ParameterExpression.java:47)
	at org.apache.ibatis.builder.ParameterExpression.<init>(ParameterExpression.java:39)
	at org.apache.ibatis.builder.SqlSourceBuilder$ParameterMappingTokenHandler.parseParameterMapping(SqlSourceBuilder.java:128)
	... 89 common frames omitted
2020-02-07 19:02:15.654 default [restartedMain] INFO  com.example.demo.Demo1Application - Starting Demo1Application on MSI with PID 2232 (started by msi-user in E:\文件\2020_swcontest\sw2020_server)
2020-02-07 19:02:15.656 default [restartedMain] INFO  com.example.demo.Demo1Application - No active profile set, falling back to default profiles: default
2020-02-07 19:02:15.690 default [restartedMain] INFO  o.s.b.d.env.DevToolsPropertyDefaultsPostProcessor - Devtools property defaults active! Set 'spring.devtools.add-properties' to 'false' to disable
2020-02-07 19:02:15.690 default [restartedMain] INFO  o.s.b.d.env.DevToolsPropertyDefaultsPostProcessor - For additional web related logging consider setting the 'logging.level.web' property to 'DEBUG'
2020-02-07 19:02:16.421 default [restartedMain] INFO  o.s.boot.web.embedded.tomcat.TomcatWebServer - Tomcat initialized with port(s): 8082 (http)
2020-02-07 19:02:16.427 default [restartedMain] INFO  org.apache.coyote.http11.Http11NioProtocol - Initializing ProtocolHandler ["http-nio-8082"]
2020-02-07 19:02:16.427 default [restartedMain] INFO  org.apache.catalina.core.StandardService - Starting service [Tomcat]
2020-02-07 19:02:16.428 default [restartedMain] INFO  org.apache.catalina.core.StandardEngine - Starting Servlet engine: [Apache Tomcat/9.0.29]
2020-02-07 19:02:16.484 default [restartedMain] INFO  o.a.c.c.C.[Tomcat].[localhost].[/sw2020] - Initializing Spring embedded WebApplicationContext
2020-02-07 19:02:16.484 default [restartedMain] INFO  org.springframework.web.context.ContextLoader - Root WebApplicationContext: initialization completed in 794 ms
2020-02-07 19:02:16.674 default [restartedMain] WARN  o.s.b.w.s.c.AnnotationConfigServletWebServerApplicationContext - Exception encountered during context initialization - cancelling refresh attempt: org.springframework.beans.factory.UnsatisfiedDependencyException: Error creating bean with name 'courseClassController': Unsatisfied dependency expressed through field 'service'; nested exception is org.springframework.beans.factory.UnsatisfiedDependencyException: Error creating bean with name 'courseClassServiceImp': Unsatisfied dependency expressed through field 'mapper'; nested exception is org.springframework.beans.factory.UnsatisfiedDependencyException: Error creating bean with name 'courseClassMapper' defined in file [E:\文件\2020_swcontest\sw2020_server\target\classes\com\example\demo\dao\CourseClassMapper.class]: Unsatisfied dependency expressed through bean property 'sqlSessionFactory'; nested exception is org.springframework.beans.factory.BeanCreationException: Error creating bean with name 'sqlSessionFactory' defined in class path resource [org/mybatis/spring/boot/autoconfigure/MybatisAutoConfiguration.class]: Bean instantiation via factory method failed; nested exception is org.springframework.beans.BeanInstantiationException: Failed to instantiate [org.apache.ibatis.session.SqlSessionFactory]: Factory method 'sqlSessionFactory' threw exception; nested exception is org.springframework.core.NestedIOException: Failed to parse mapping resource: 'file [E:\文件\2020_swcontest\sw2020_server\target\classes\mapper\KeyGraphMapper.xml]'; nested exception is org.apache.ibatis.builder.BuilderException: Error parsing Mapper XML. The XML location is 'file [E:\文件\2020_swcontest\sw2020_server\target\classes\mapper\KeyGraphMapper.xml]'. Cause: org.apache.ibatis.builder.BuilderException: Parsing error was found in mapping #{parentNode),
		#{childNode}.  Check syntax #{property|(expression), var1=value1, var2=value2, ...} 
2020-02-07 19:02:16.677 default [restartedMain] INFO  org.apache.catalina.core.StandardService - Stopping service [Tomcat]
2020-02-07 19:02:16.687 default [restartedMain] INFO  o.s.b.a.l.ConditionEvaluationReportLoggingListener - 

Error starting ApplicationContext. To display the conditions report re-run your application with 'debug' enabled.
2020-02-07 19:02:16.694 default [restartedMain] ERROR org.springframework.boot.SpringApplication - Application run failed
org.springframework.beans.factory.UnsatisfiedDependencyException: Error creating bean with name 'courseClassController': Unsatisfied dependency expressed through field 'service'; nested exception is org.springframework.beans.factory.UnsatisfiedDependencyException: Error creating bean with name 'courseClassServiceImp': Unsatisfied dependency expressed through field 'mapper'; nested exception is org.springframework.beans.factory.UnsatisfiedDependencyException: Error creating bean with name 'courseClassMapper' defined in file [E:\文件\2020_swcontest\sw2020_server\target\classes\com\example\demo\dao\CourseClassMapper.class]: Unsatisfied dependency expressed through bean property 'sqlSessionFactory'; nested exception is org.springframework.beans.factory.BeanCreationException: Error creating bean with name 'sqlSessionFactory' defined in class path resource [org/mybatis/spring/boot/autoconfigure/MybatisAutoConfiguration.class]: Bean instantiation via factory method failed; nested exception is org.springframework.beans.BeanInstantiationException: Failed to instantiate [org.apache.ibatis.session.SqlSessionFactory]: Factory method 'sqlSessionFactory' threw exception; nested exception is org.springframework.core.NestedIOException: Failed to parse mapping resource: 'file [E:\文件\2020_swcontest\sw2020_server\target\classes\mapper\KeyGraphMapper.xml]'; nested exception is org.apache.ibatis.builder.BuilderException: Error parsing Mapper XML. The XML location is 'file [E:\文件\2020_swcontest\sw2020_server\target\classes\mapper\KeyGraphMapper.xml]'. Cause: org.apache.ibatis.builder.BuilderException: Parsing error was found in mapping #{parentNode),
		#{childNode}.  Check syntax #{property|(expression), var1=value1, var2=value2, ...} 
	at org.springframework.beans.factory.annotation.AutowiredAnnotationBeanPostProcessor$AutowiredFieldElement.inject(AutowiredAnnotationBeanPostProcessor.java:643)
	at org.springframework.beans.factory.annotation.InjectionMetadata.inject(InjectionMetadata.java:116)
	at org.springframework.beans.factory.annotation.AutowiredAnnotationBeanPostProcessor.postProcessProperties(AutowiredAnnotationBeanPostProcessor.java:399)
	at org.springframework.beans.factory.support.AbstractAutowireCapableBeanFactory.populateBean(AbstractAutowireCapableBeanFactory.java:1422)
	at org.springframework.beans.factory.support.AbstractAutowireCapableBeanFactory.doCreateBean(AbstractAutowireCapableBeanFactory.java:594)
	at org.springframework.beans.factory.support.AbstractAutowireCapableBeanFactory.createBean(AbstractAutowireCapableBeanFactory.java:517)
	at org.springframework.beans.factory.support.AbstractBeanFactory.lambda$doGetBean$0(AbstractBeanFactory.java:323)
	at org.springframework.beans.factory.support.DefaultSingletonBeanRegistry.getSingleton(DefaultSingletonBeanRegistry.java:222)
	at org.springframework.beans.factory.support.AbstractBeanFactory.doGetBean(AbstractBeanFactory.java:321)
	at org.springframework.beans.factory.support.AbstractBeanFactory.getBean(AbstractBeanFactory.java:202)
	at org.springframework.beans.factory.support.DefaultListableBeanFactory.preInstantiateSingletons(DefaultListableBeanFactory.java:879)
	at org.springframework.context.support.AbstractApplicationContext.finishBeanFactoryInitialization(AbstractApplicationContext.java:878)
	at org.springframework.context.support.AbstractApplicationContext.refresh(AbstractApplicationContext.java:550)
	at org.springframework.boot.web.servlet.context.ServletWebServerApplicationContext.refresh(ServletWebServerApplicationContext.java:141)
	at org.springframework.boot.SpringApplication.refresh(SpringApplication.java:747)
	at org.springframework.boot.SpringApplication.refreshContext(SpringApplication.java:397)
	at org.springframework.boot.SpringApplication.run(SpringApplication.java:315)
	at org.springframework.boot.SpringApplication.run(SpringApplication.java:1226)
	at org.springframework.boot.SpringApplication.run(SpringApplication.java:1215)
	at com.example.demo.Demo1Application.main(Demo1Application.java:10)
	at java.base/jdk.internal.reflect.NativeMethodAccessorImpl.invoke0(Native Method)
	at java.base/jdk.internal.reflect.NativeMethodAccessorImpl.invoke(NativeMethodAccessorImpl.java:62)
	at java.base/jdk.internal.reflect.DelegatingMethodAccessorImpl.invoke(DelegatingMethodAccessorImpl.java:43)
	at java.base/java.lang.reflect.Method.invoke(Method.java:567)
	at org.springframework.boot.devtools.restart.RestartLauncher.run(RestartLauncher.java:49)
Caused by: org.springframework.beans.factory.UnsatisfiedDependencyException: Error creating bean with name 'courseClassServiceImp': Unsatisfied dependency expressed through field 'mapper'; nested exception is org.springframework.beans.factory.UnsatisfiedDependencyException: Error creating bean with name 'courseClassMapper' defined in file [E:\文件\2020_swcontest\sw2020_server\target\classes\com\example\demo\dao\CourseClassMapper.class]: Unsatisfied dependency expressed through bean property 'sqlSessionFactory'; nested exception is org.springframework.beans.factory.BeanCreationException: Error creating bean with name 'sqlSessionFactory' defined in class path resource [org/mybatis/spring/boot/autoconfigure/MybatisAutoConfiguration.class]: Bean instantiation via factory method failed; nested exception is org.springframework.beans.BeanInstantiationException: Failed to instantiate [org.apache.ibatis.session.SqlSessionFactory]: Factory method 'sqlSessionFactory' threw exception; nested exception is org.springframework.core.NestedIOException: Failed to parse mapping resource: 'file [E:\文件\2020_swcontest\sw2020_server\target\classes\mapper\KeyGraphMapper.xml]'; nested exception is org.apache.ibatis.builder.BuilderException: Error parsing Mapper XML. The XML location is 'file [E:\文件\2020_swcontest\sw2020_server\target\classes\mapper\KeyGraphMapper.xml]'. Cause: org.apache.ibatis.builder.BuilderException: Parsing error was found in mapping #{parentNode),
		#{childNode}.  Check syntax #{property|(expression), var1=value1, var2=value2, ...} 
	at org.springframework.beans.factory.annotation.AutowiredAnnotationBeanPostProcessor$AutowiredFieldElement.inject(AutowiredAnnotationBeanPostProcessor.java:643)
	at org.springframework.beans.factory.annotation.InjectionMetadata.inject(InjectionMetadata.java:116)
	at org.springframework.beans.factory.annotation.AutowiredAnnotationBeanPostProcessor.postProcessProperties(AutowiredAnnotationBeanPostProcessor.java:399)
	at org.springframework.beans.factory.support.AbstractAutowireCapableBeanFactory.populateBean(AbstractAutowireCapableBeanFactory.java:1422)
	at org.springframework.beans.factory.support.AbstractAutowireCapableBeanFactory.doCreateBean(AbstractAutowireCapableBeanFactory.java:594)
	at org.springframework.beans.factory.support.AbstractAutowireCapableBeanFactory.createBean(AbstractAutowireCapableBeanFactory.java:517)
	at org.springframework.beans.factory.support.AbstractBeanFactory.lambda$doGetBean$0(AbstractBeanFactory.java:323)
	at org.springframework.beans.factory.support.DefaultSingletonBeanRegistry.getSingleton(DefaultSingletonBeanRegistry.java:222)
	at org.springframework.beans.factory.support.AbstractBeanFactory.doGetBean(AbstractBeanFactory.java:321)
	at org.springframework.beans.factory.support.AbstractBeanFactory.getBean(AbstractBeanFactory.java:202)
	at org.springframework.beans.factory.config.DependencyDescriptor.resolveCandidate(DependencyDescriptor.java:276)
	at org.springframework.beans.factory.support.DefaultListableBeanFactory.doResolveDependency(DefaultListableBeanFactory.java:1287)
	at org.springframework.beans.factory.support.DefaultListableBeanFactory.resolveDependency(DefaultListableBeanFactory.java:1207)
	at org.springframework.beans.factory.annotation.AutowiredAnnotationBeanPostProcessor$AutowiredFieldElement.inject(AutowiredAnnotationBeanPostProcessor.java:640)
	... 24 common frames omitted
Caused by: org.springframework.beans.factory.UnsatisfiedDependencyException: Error creating bean with name 'courseClassMapper' defined in file [E:\文件\2020_swcontest\sw2020_server\target\classes\com\example\demo\dao\CourseClassMapper.class]: Unsatisfied dependency expressed through bean property 'sqlSessionFactory'; nested exception is org.springframework.beans.factory.BeanCreationException: Error creating bean with name 'sqlSessionFactory' defined in class path resource [org/mybatis/spring/boot/autoconfigure/MybatisAutoConfiguration.class]: Bean instantiation via factory method failed; nested exception is org.springframework.beans.BeanInstantiationException: Failed to instantiate [org.apache.ibatis.session.SqlSessionFactory]: Factory method 'sqlSessionFactory' threw exception; nested exception is org.springframework.core.NestedIOException: Failed to parse mapping resource: 'file [E:\文件\2020_swcontest\sw2020_server\target\classes\mapper\KeyGraphMapper.xml]'; nested exception is org.apache.ibatis.builder.BuilderException: Error parsing Mapper XML. The XML location is 'file [E:\文件\2020_swcontest\sw2020_server\target\classes\mapper\KeyGraphMapper.xml]'. Cause: org.apache.ibatis.builder.BuilderException: Parsing error was found in mapping #{parentNode),
		#{childNode}.  Check syntax #{property|(expression), var1=value1, var2=value2, ...} 
	at org.springframework.beans.factory.support.AbstractAutowireCapableBeanFactory.autowireByType(AbstractAutowireCapableBeanFactory.java:1526)
	at org.springframework.beans.factory.support.AbstractAutowireCapableBeanFactory.populateBean(AbstractAutowireCapableBeanFactory.java:1406)
	at org.springframework.beans.factory.support.AbstractAutowireCapableBeanFactory.doCreateBean(AbstractAutowireCapableBeanFactory.java:594)
	at org.springframework.beans.factory.support.AbstractAutowireCapableBeanFactory.createBean(AbstractAutowireCapableBeanFactory.java:517)
	at org.springframework.beans.factory.support.AbstractBeanFactory.lambda$doGetBean$0(AbstractBeanFactory.java:323)
	at org.springframework.beans.factory.support.DefaultSingletonBeanRegistry.getSingleton(DefaultSingletonBeanRegistry.java:222)
	at org.springframework.beans.factory.support.AbstractBeanFactory.doGetBean(AbstractBeanFactory.java:321)
	at org.springframework.beans.factory.support.AbstractBeanFactory.getBean(AbstractBeanFactory.java:202)
	at org.springframework.beans.factory.config.DependencyDescriptor.resolveCandidate(DependencyDescriptor.java:276)
	at org.springframework.beans.factory.support.DefaultListableBeanFactory.doResolveDependency(DefaultListableBeanFactory.java:1287)
	at org.springframework.beans.factory.support.DefaultListableBeanFactory.resolveDependency(DefaultListableBeanFactory.java:1207)
	at org.springframework.beans.factory.annotation.AutowiredAnnotationBeanPostProcessor$AutowiredFieldElement.inject(AutowiredAnnotationBeanPostProcessor.java:640)
	... 37 common frames omitted
Caused by: org.springframework.beans.factory.BeanCreationException: Error creating bean with name 'sqlSessionFactory' defined in class path resource [org/mybatis/spring/boot/autoconfigure/MybatisAutoConfiguration.class]: Bean instantiation via factory method failed; nested exception is org.springframework.beans.BeanInstantiationException: Failed to instantiate [org.apache.ibatis.session.SqlSessionFactory]: Factory method 'sqlSessionFactory' threw exception; nested exception is org.springframework.core.NestedIOException: Failed to parse mapping resource: 'file [E:\文件\2020_swcontest\sw2020_server\target\classes\mapper\KeyGraphMapper.xml]'; nested exception is org.apache.ibatis.builder.BuilderException: Error parsing Mapper XML. The XML location is 'file [E:\文件\2020_swcontest\sw2020_server\target\classes\mapper\KeyGraphMapper.xml]'. Cause: org.apache.ibatis.builder.BuilderException: Parsing error was found in mapping #{parentNode),
		#{childNode}.  Check syntax #{property|(expression), var1=value1, var2=value2, ...} 
	at org.springframework.beans.factory.support.ConstructorResolver.instantiate(ConstructorResolver.java:656)
	at org.springframework.beans.factory.support.ConstructorResolver.instantiateUsingFactoryMethod(ConstructorResolver.java:636)
	at org.springframework.beans.factory.support.AbstractAutowireCapableBeanFactory.instantiateUsingFactoryMethod(AbstractAutowireCapableBeanFactory.java:1338)
	at org.springframework.beans.factory.support.AbstractAutowireCapableBeanFactory.createBeanInstance(AbstractAutowireCapableBeanFactory.java:1177)
	at org.springframework.beans.factory.support.AbstractAutowireCapableBeanFactory.doCreateBean(AbstractAutowireCapableBeanFactory.java:557)
	at org.springframework.beans.factory.support.AbstractAutowireCapableBeanFactory.createBean(AbstractAutowireCapableBeanFactory.java:517)
	at org.springframework.beans.factory.support.AbstractBeanFactory.lambda$doGetBean$0(AbstractBeanFactory.java:323)
	at org.springframework.beans.factory.support.DefaultSingletonBeanRegistry.getSingleton(DefaultSingletonBeanRegistry.java:222)
	at org.springframework.beans.factory.support.AbstractBeanFactory.doGetBean(AbstractBeanFactory.java:321)
	at org.springframework.beans.factory.support.AbstractBeanFactory.getBean(AbstractBeanFactory.java:202)
	at org.springframework.beans.factory.config.DependencyDescriptor.resolveCandidate(DependencyDescriptor.java:276)
	at org.springframework.beans.factory.support.DefaultListableBeanFactory.doResolveDependency(DefaultListableBeanFactory.java:1287)
	at org.springframework.beans.factory.support.DefaultListableBeanFactory.resolveDependency(DefaultListableBeanFactory.java:1207)
	at org.springframework.beans.factory.support.AbstractAutowireCapableBeanFactory.autowireByType(AbstractAutowireCapableBeanFactory.java:1511)
	... 48 common frames omitted
Caused by: org.springframework.beans.BeanInstantiationException: Failed to instantiate [org.apache.ibatis.session.SqlSessionFactory]: Factory method 'sqlSessionFactory' threw exception; nested exception is org.springframework.core.NestedIOException: Failed to parse mapping resource: 'file [E:\文件\2020_swcontest\sw2020_server\target\classes\mapper\KeyGraphMapper.xml]'; nested exception is org.apache.ibatis.builder.BuilderException: Error parsing Mapper XML. The XML location is 'file [E:\文件\2020_swcontest\sw2020_server\target\classes\mapper\KeyGraphMapper.xml]'. Cause: org.apache.ibatis.builder.BuilderException: Parsing error was found in mapping #{parentNode),
		#{childNode}.  Check syntax #{property|(expression), var1=value1, var2=value2, ...} 
	at org.springframework.beans.factory.support.SimpleInstantiationStrategy.instantiate(SimpleInstantiationStrategy.java:185)
	at org.springframework.beans.factory.support.ConstructorResolver.instantiate(ConstructorResolver.java:651)
	... 61 common frames omitted
Caused by: org.springframework.core.NestedIOException: Failed to parse mapping resource: 'file [E:\文件\2020_swcontest\sw2020_server\target\classes\mapper\KeyGraphMapper.xml]'; nested exception is org.apache.ibatis.builder.BuilderException: Error parsing Mapper XML. The XML location is 'file [E:\文件\2020_swcontest\sw2020_server\target\classes\mapper\KeyGraphMapper.xml]'. Cause: org.apache.ibatis.builder.BuilderException: Parsing error was found in mapping #{parentNode),
		#{childNode}.  Check syntax #{property|(expression), var1=value1, var2=value2, ...} 
	at org.mybatis.spring.SqlSessionFactoryBean.buildSqlSessionFactory(SqlSessionFactoryBean.java:595)
	at org.mybatis.spring.SqlSessionFactoryBean.afterPropertiesSet(SqlSessionFactoryBean.java:475)
	at org.mybatis.spring.SqlSessionFactoryBean.getObject(SqlSessionFactoryBean.java:615)
	at org.mybatis.spring.boot.autoconfigure.MybatisAutoConfiguration.sqlSessionFactory(MybatisAutoConfiguration.java:180)
	at org.mybatis.spring.boot.autoconfigure.MybatisAutoConfiguration$$EnhancerBySpringCGLIB$$9be809a9.CGLIB$sqlSessionFactory$1(<generated>)
	at org.mybatis.spring.boot.autoconfigure.MybatisAutoConfiguration$$EnhancerBySpringCGLIB$$9be809a9$$FastClassBySpringCGLIB$$dfb6316b.invoke(<generated>)
	at org.springframework.cglib.proxy.MethodProxy.invokeSuper(MethodProxy.java:244)
	at org.springframework.context.annotation.ConfigurationClassEnhancer$BeanMethodInterceptor.intercept(ConfigurationClassEnhancer.java:363)
	at org.mybatis.spring.boot.autoconfigure.MybatisAutoConfiguration$$EnhancerBySpringCGLIB$$9be809a9.sqlSessionFactory(<generated>)
	at java.base/jdk.internal.reflect.NativeMethodAccessorImpl.invoke0(Native Method)
	at java.base/jdk.internal.reflect.NativeMethodAccessorImpl.invoke(NativeMethodAccessorImpl.java:62)
	at java.base/jdk.internal.reflect.DelegatingMethodAccessorImpl.invoke(DelegatingMethodAccessorImpl.java:43)
	at java.base/java.lang.reflect.Method.invoke(Method.java:567)
	at org.springframework.beans.factory.support.SimpleInstantiationStrategy.instantiate(SimpleInstantiationStrategy.java:154)
	... 62 common frames omitted
Caused by: org.apache.ibatis.builder.BuilderException: Error parsing Mapper XML. The XML location is 'file [E:\文件\2020_swcontest\sw2020_server\target\classes\mapper\KeyGraphMapper.xml]'. Cause: org.apache.ibatis.builder.BuilderException: Parsing error was found in mapping #{parentNode),
		#{childNode}.  Check syntax #{property|(expression), var1=value1, var2=value2, ...} 
	at org.apache.ibatis.builder.xml.XMLMapperBuilder.configurationElement(XMLMapperBuilder.java:122)
	at org.apache.ibatis.builder.xml.XMLMapperBuilder.parse(XMLMapperBuilder.java:94)
	at org.mybatis.spring.SqlSessionFactoryBean.buildSqlSessionFactory(SqlSessionFactoryBean.java:593)
	... 75 common frames omitted
Caused by: org.apache.ibatis.builder.BuilderException: Parsing error was found in mapping #{parentNode),
		#{childNode}.  Check syntax #{property|(expression), var1=value1, var2=value2, ...} 
	at org.apache.ibatis.builder.SqlSourceBuilder$ParameterMappingTokenHandler.parseParameterMapping(SqlSourceBuilder.java:132)
	at org.apache.ibatis.builder.SqlSourceBuilder$ParameterMappingTokenHandler.buildParameterMapping(SqlSourceBuilder.java:72)
	at org.apache.ibatis.builder.SqlSourceBuilder$ParameterMappingTokenHandler.handleToken(SqlSourceBuilder.java:67)
	at org.apache.ibatis.parsing.GenericTokenParser.parse(GenericTokenParser.java:77)
	at org.apache.ibatis.builder.SqlSourceBuilder.parse(SqlSourceBuilder.java:45)
	at org.apache.ibatis.scripting.defaults.RawSqlSource.<init>(RawSqlSource.java:46)
	at org.apache.ibatis.scripting.defaults.RawSqlSource.<init>(RawSqlSource.java:40)
	at org.apache.ibatis.scripting.xmltags.XMLScriptBuilder.parseScriptNode(XMLScriptBuilder.java:72)
	at org.apache.ibatis.scripting.xmltags.XMLLanguageDriver.createSqlSource(XMLLanguageDriver.java:44)
	at org.apache.ibatis.builder.xml.XMLStatementBuilder.parseStatementNode(XMLStatementBuilder.java:96)
	at org.apache.ibatis.builder.xml.XMLMapperBuilder.buildStatementFromContext(XMLMapperBuilder.java:137)
	at org.apache.ibatis.builder.xml.XMLMapperBuilder.buildStatementFromContext(XMLMapperBuilder.java:130)
	at org.apache.ibatis.builder.xml.XMLMapperBuilder.configurationElement(XMLMapperBuilder.java:120)
	... 77 common frames omitted
Caused by: java.lang.StringIndexOutOfBoundsException: String index out of range: 27
	at java.base/java.lang.StringLatin1.charAt(StringLatin1.java:47)
	at java.base/java.lang.String.charAt(String.java:702)
	at org.apache.ibatis.builder.ParameterExpression.trimmedStr(ParameterExpression.java:131)
	at org.apache.ibatis.builder.ParameterExpression.option(ParameterExpression.java:124)
	at org.apache.ibatis.builder.ParameterExpression.jdbcTypeOpt(ParameterExpression.java:99)
	at org.apache.ibatis.builder.ParameterExpression.property(ParameterExpression.java:70)
	at org.apache.ibatis.builder.ParameterExpression.parse(ParameterExpression.java:47)
	at org.apache.ibatis.builder.ParameterExpression.<init>(ParameterExpression.java:39)
	at org.apache.ibatis.builder.SqlSourceBuilder$ParameterMappingTokenHandler.parseParameterMapping(SqlSourceBuilder.java:128)
	... 89 common frames omitted
2020-02-07 19:03:16.798 default [restartedMain] INFO  com.example.demo.Demo1Application - Starting Demo1Application on MSI with PID 15008 (started by msi-user in E:\文件\2020_swcontest\sw2020_server)
2020-02-07 19:03:16.800 default [restartedMain] INFO  com.example.demo.Demo1Application - No active profile set, falling back to default profiles: default
2020-02-07 19:03:16.835 default [restartedMain] INFO  o.s.b.d.env.DevToolsPropertyDefaultsPostProcessor - Devtools property defaults active! Set 'spring.devtools.add-properties' to 'false' to disable
2020-02-07 19:03:16.835 default [restartedMain] INFO  o.s.b.d.env.DevToolsPropertyDefaultsPostProcessor - For additional web related logging consider setting the 'logging.level.web' property to 'DEBUG'
2020-02-07 19:03:17.620 default [restartedMain] INFO  o.s.boot.web.embedded.tomcat.TomcatWebServer - Tomcat initialized with port(s): 8082 (http)
2020-02-07 19:03:17.626 default [restartedMain] INFO  org.apache.coyote.http11.Http11NioProtocol - Initializing ProtocolHandler ["http-nio-8082"]
2020-02-07 19:03:17.627 default [restartedMain] INFO  org.apache.catalina.core.StandardService - Starting service [Tomcat]
2020-02-07 19:03:17.627 default [restartedMain] INFO  org.apache.catalina.core.StandardEngine - Starting Servlet engine: [Apache Tomcat/9.0.29]
2020-02-07 19:03:17.689 default [restartedMain] INFO  o.a.c.c.C.[Tomcat].[localhost].[/sw2020] - Initializing Spring embedded WebApplicationContext
2020-02-07 19:03:17.690 default [restartedMain] INFO  org.springframework.web.context.ContextLoader - Root WebApplicationContext: initialization completed in 855 ms
2020-02-07 19:03:17.997 default [restartedMain] INFO  o.s.scheduling.concurrent.ThreadPoolTaskExecutor - Initializing ExecutorService 'applicationTaskExecutor'
2020-02-07 19:03:18.131 default [restartedMain] INFO  o.s.b.d.autoconfigure.OptionalLiveReloadServer - LiveReload server is running on port 35729
2020-02-07 19:03:18.149 default [restartedMain] INFO  org.apache.coyote.http11.Http11NioProtocol - Starting ProtocolHandler ["http-nio-8082"]
2020-02-07 19:03:18.165 default [restartedMain] INFO  o.s.boot.web.embedded.tomcat.TomcatWebServer - Tomcat started on port(s): 8082 (http) with context path '/sw2020'
2020-02-07 19:03:18.168 default [restartedMain] INFO  com.example.demo.Demo1Application - Started Demo1Application in 1.569 seconds (JVM running for 2.327)
2020-02-07 19:03:24.296 default [http-nio-8082-exec-1] INFO  o.a.c.c.C.[Tomcat].[localhost].[/sw2020] - Initializing Spring DispatcherServlet 'dispatcherServlet'
2020-02-07 19:03:24.297 default [http-nio-8082-exec-1] INFO  org.springframework.web.servlet.DispatcherServlet - Initializing Servlet 'dispatcherServlet'
2020-02-07 19:03:24.302 default [http-nio-8082-exec-1] INFO  org.springframework.web.servlet.DispatcherServlet - Completed initialization in 4 ms
2020-02-07 19:03:24.339 default [http-nio-8082-exec-1] INFO  com.zaxxer.hikari.HikariDataSource - HikariPool-1 - Starting...
2020-02-07 19:03:24.584 default [http-nio-8082-exec-1] INFO  com.zaxxer.hikari.HikariDataSource - HikariPool-1 - Start completed.
2020-02-07 19:03:24.683 default [http-nio-8082-exec-2] INFO  com.example.demo.controller.CourseController - Teacher:01 query course
2020-02-07 19:05:00.413 default [http-nio-8082-exec-4] INFO  com.example.demo.controller.CourseController - Teacher:01 query course
2020-02-07 19:05:15.106 default [http-nio-8082-exec-5] INFO  com.example.demo.controller.CourseController - Teacher:01 query course
2020-02-07 19:05:30.750 default [http-nio-8082-exec-6] INFO  com.example.demo.controller.CourseController - Teacher:01 query course
2020-02-07 19:05:32.712 default [http-nio-8082-exec-7] INFO  com.example.demo.controller.CourseController - Teacher:01 query course
2020-02-07 19:05:46.976 default [http-nio-8082-exec-8] INFO  com.example.demo.controller.CourseController - Teacher:01 query course
2020-02-07 19:06:08.052 default [http-nio-8082-exec-9] INFO  com.example.demo.controller.CourseController - Teacher:01 query course
2020-02-07 19:07:59.017 default [http-nio-8082-exec-1] INFO  com.example.demo.controller.CourseController - Teacher:01 query course
2020-02-07 19:08:05.447 default [http-nio-8082-exec-2] INFO  com.example.demo.controller.CourseController - Teacher:01 query course
2020-02-07 19:08:27.641 default [http-nio-8082-exec-3] INFO  com.example.demo.controller.CourseController - Teacher:01 query course
2020-02-07 19:09:15.308 default [http-nio-8082-exec-4] INFO  com.example.demo.controller.CourseController - Teacher:01 query course
2020-02-07 19:09:24.844 default [http-nio-8082-exec-6] INFO  com.example.demo.controller.CourseController - Teacher:01 query course
2020-02-07 19:09:43.969 default [http-nio-8082-exec-7] INFO  com.example.demo.controller.CourseController - Teacher:01 query course
2020-02-07 19:10:11.345 default [http-nio-8082-exec-9] INFO  com.example.demo.controller.CourseController - Teacher:01 query course
2020-02-07 19:13:53.549 default [http-nio-8082-exec-1] INFO  com.example.demo.controller.CourseController - Teacher:01 query course
2020-02-07 19:13:59.887 default [http-nio-8082-exec-2] INFO  com.example.demo.controller.CourseController - Teacher:01 query course
2020-02-07 19:14:09.148 default [http-nio-8082-exec-3] INFO  com.example.demo.controller.CourseController - Teacher:01 query course
2020-02-07 19:15:16.695 default [http-nio-8082-exec-5] INFO  com.example.demo.controller.CourseController - Teacher:01 query course
2020-02-07 19:17:34.346 default [http-nio-8082-exec-7] INFO  com.example.demo.controller.CourseController - Teacher:01 query course
2020-02-07 19:18:00.125 default [http-nio-8082-exec-8] INFO  com.example.demo.controller.CourseController - Teacher:01 query course
2020-02-07 19:20:12.582 default [http-nio-8082-exec-10] INFO  com.example.demo.controller.CourseController - Teacher:01 query course
2020-02-07 19:20:24.140 default [http-nio-8082-exec-1] INFO  com.example.demo.controller.CourseController - Teacher:01 query course
2020-02-07 19:21:43.778 default [http-nio-8082-exec-3] INFO  com.example.demo.controller.CourseController - Teacher:01 query course
2020-02-07 19:22:03.969 default [http-nio-8082-exec-4] INFO  com.example.demo.controller.CourseController - Teacher:01 query course
2020-02-07 19:23:36.459 default [http-nio-8082-exec-6] INFO  com.example.demo.controller.CourseController - Teacher:01 query course
2020-02-07 19:24:25.102 default [http-nio-8082-exec-7] INFO  com.example.demo.controller.CourseController - Teacher:01 query course
2020-02-07 19:24:56.240 default [http-nio-8082-exec-8] INFO  com.example.demo.controller.CourseController - Teacher:01 query course
2020-02-07 19:25:22.200 default [http-nio-8082-exec-9] INFO  com.example.demo.controller.CourseController - Teacher:01 query course
2020-02-07 19:28:36.744 default [http-nio-8082-exec-1] INFO  com.example.demo.controller.CourseController - Teacher:01 query course
2020-02-07 19:30:59.058 default [http-nio-8082-exec-3] INFO  com.example.demo.controller.CourseController - Teacher:01 query course
2020-02-07 19:31:10.669 default [http-nio-8082-exec-4] INFO  com.example.demo.controller.CourseController - Teacher:01 query course
2020-02-07 19:32:16.810 default [http-nio-8082-exec-6] INFO  com.example.demo.controller.CourseController - Teacher:01 query course
2020-02-07 19:32:33.633 default [http-nio-8082-exec-7] INFO  com.example.demo.controller.CourseController - Teacher:01 query course
2020-02-07 19:32:46.037 default [http-nio-8082-exec-8] INFO  com.example.demo.controller.CourseController - Teacher:01 query course
2020-02-07 19:33:21.521 default [http-nio-8082-exec-9] INFO  com.example.demo.controller.CourseController - Teacher:01 query course
2020-02-07 19:33:34.185 default [http-nio-8082-exec-10] INFO  com.example.demo.controller.CourseController - Teacher:01 query course
2020-02-07 19:33:48.929 default [http-nio-8082-exec-1] INFO  com.example.demo.controller.CourseController - Teacher:01 query course
2020-02-07 19:34:11.267 default [http-nio-8082-exec-2] INFO  com.example.demo.controller.CourseController - Teacher:01 query course
2020-02-07 19:34:55.388 default [http-nio-8082-exec-3] INFO  com.example.demo.controller.CourseController - Teacher:01 query course
2020-02-07 19:35:17.038 default [http-nio-8082-exec-4] INFO  com.example.demo.controller.CourseController - Teacher:01 query course
2020-02-07 19:36:18.544 default [http-nio-8082-exec-6] INFO  com.example.demo.controller.CourseController - Teacher:01 query course
2020-02-07 19:36:47.229 default [http-nio-8082-exec-7] INFO  com.example.demo.controller.CourseController - Teacher:01 query course
2020-02-07 19:37:01.693 default [http-nio-8082-exec-8] INFO  com.example.demo.controller.CourseController - Teacher:01 query course
2020-02-07 19:37:40.651 default [http-nio-8082-exec-9] INFO  com.example.demo.controller.CourseController - Teacher:01 query course
2020-02-07 19:38:02.918 default [http-nio-8082-exec-10] INFO  com.example.demo.controller.CourseController - Teacher:01 query course
2020-02-07 19:38:14.972 default [http-nio-8082-exec-1] INFO  com.example.demo.controller.CourseController - Teacher:01 query course
2020-02-07 19:41:59.014 default [http-nio-8082-exec-3] INFO  com.example.demo.controller.CourseController - Teacher:01 query course
2020-02-07 19:43:23.401 default [http-nio-8082-exec-5] INFO  com.example.demo.controller.CourseController - Teacher:01 query course
2020-02-07 19:44:03.692 default [http-nio-8082-exec-6] INFO  com.example.demo.controller.CourseController - Teacher:01 query course
2020-02-07 19:44:11.786 default [http-nio-8082-exec-7] INFO  com.example.demo.controller.CourseController - Teacher:01 query course
2020-02-07 19:45:13.683 default [http-nio-8082-exec-9] INFO  com.example.demo.controller.CourseController - Teacher:01 query course
2020-02-07 19:45:25.145 default [http-nio-8082-exec-1] INFO  com.example.demo.controller.CourseController - Teacher:01 query course
2020-02-07 19:46:43.539 default [http-nio-8082-exec-5] INFO  com.example.demo.controller.CourseController - Teacher:01 query course
2020-02-07 19:46:58.316 default [http-nio-8082-exec-6] INFO  com.example.demo.controller.CourseController - Teacher:01 query course
2020-02-07 19:55:29.122 default [http-nio-8082-exec-8] INFO  com.example.demo.controller.CourseController - Teacher:01 query course
2020-02-07 19:56:00.746 default [http-nio-8082-exec-9] INFO  com.example.demo.controller.CourseController - Teacher:01 query course
2020-02-07 19:56:07.174 default [http-nio-8082-exec-10] INFO  com.example.demo.controller.CourseController - Teacher:01 query course
2020-02-07 19:56:58.030 default [http-nio-8082-exec-1] INFO  com.example.demo.controller.CourseController - Teacher:01 query course
2020-02-07 19:57:28.544 default [http-nio-8082-exec-2] INFO  com.example.demo.controller.CourseController - Teacher:01 query course
2020-02-07 19:59:03.572 default [http-nio-8082-exec-4] INFO  com.example.demo.controller.CourseController - Teacher:01 query course
2020-02-07 19:59:57.420 default [http-nio-8082-exec-5] INFO  com.example.demo.controller.CourseController - Teacher:01 query course
2020-02-07 20:00:09.110 default [http-nio-8082-exec-7] INFO  com.example.demo.controller.CourseController - Teacher:01 query course
2020-02-07 20:01:19.110 default [http-nio-8082-exec-9] INFO  com.example.demo.controller.CourseController - Teacher:01 query course
2020-02-07 20:01:26.375 default [http-nio-8082-exec-1] INFO  com.example.demo.controller.CourseController - Teacher:01 query course
2020-02-07 20:01:31.188 default [http-nio-8082-exec-2] INFO  com.example.demo.controller.CourseController - Teacher:01 query course
2020-02-07 20:01:40.862 default [http-nio-8082-exec-3] INFO  com.example.demo.controller.CourseController - Teacher:01 query course
2020-02-07 20:01:46.720 default [http-nio-8082-exec-5] INFO  com.example.demo.controller.CourseController - Teacher:01 query course
2020-02-07 20:01:53.459 default [http-nio-8082-exec-7] INFO  com.example.demo.controller.CourseController - Teacher:01 query course
2020-02-07 20:01:55.159 default [http-nio-8082-exec-9] INFO  com.example.demo.controller.CourseController - Teacher:01 query course
2020-02-07 20:03:17.549 default [http-nio-8082-exec-1] INFO  com.example.demo.controller.CourseController - Teacher:01 query course
2020-02-07 20:03:22.633 default [http-nio-8082-exec-3] INFO  com.example.demo.controller.CourseController - Teacher:01 query course
2020-02-07 20:04:33.996 default [http-nio-8082-exec-5] INFO  com.example.demo.controller.CourseController - Teacher:01 query course
2020-02-07 20:04:49.316 default [http-nio-8082-exec-6] INFO  com.example.demo.controller.CourseController - Teacher:01 query course
2020-02-07 20:04:50.174 default [http-nio-8082-exec-7] INFO  com.example.demo.controller.CourseController - Teacher:01 query course
2020-02-07 20:04:54.013 default [http-nio-8082-exec-9] INFO  com.example.demo.controller.CourseController - Teacher:01 query course
2020-02-07 20:05:01.665 default [http-nio-8082-exec-10] INFO  com.example.demo.controller.CourseController - Teacher:01 query course
2020-02-07 20:10:39.301 default [http-nio-8082-exec-3] INFO  com.example.demo.controller.CourseController - Teacher:01 query course
2020-02-07 20:10:51.678 default [http-nio-8082-exec-5] INFO  com.example.demo.controller.CourseController - Teacher:01 query course
2020-02-07 20:14:18.640 default [http-nio-8082-exec-7] INFO  com.example.demo.controller.CourseController - Teacher:01 query course
2020-02-07 20:15:08.402 default [http-nio-8082-exec-10] INFO  com.example.demo.controller.CourseController - Teacher:01 query course
2020-02-07 20:15:23.059 default [http-nio-8082-exec-2] INFO  com.example.demo.controller.CourseController - Teacher:01 query course
2020-02-07 20:15:27.895 default [http-nio-8082-exec-4] INFO  com.example.demo.controller.CourseController - Teacher:01 query course
2020-02-07 20:16:22.837 default [http-nio-8082-exec-7] INFO  com.example.demo.controller.CourseController - Teacher:01 query course
2020-02-07 20:16:41.642 default [http-nio-8082-exec-8] INFO  com.example.demo.controller.CourseController - Teacher:01 query course
2020-02-07 20:16:50.709 default [http-nio-8082-exec-10] INFO  com.example.demo.controller.CourseController - Teacher:01 query course
2020-02-07 20:16:59.191 default [http-nio-8082-exec-2] INFO  com.example.demo.controller.CourseController - Teacher:01 query course
2020-02-07 20:17:11.736 default [http-nio-8082-exec-4] INFO  com.example.demo.controller.CourseController - Teacher:01 query course
2020-02-07 20:17:31.486 default [http-nio-8082-exec-5] INFO  com.example.demo.controller.CourseController - Teacher:01 query course
2020-02-07 20:17:36.879 default [http-nio-8082-exec-7] INFO  com.example.demo.controller.CourseController - Teacher:01 query course
2020-02-07 20:19:56.690 default [http-nio-8082-exec-10] INFO  com.example.demo.controller.CourseController - Teacher:01 query course
2020-02-07 20:20:02.896 default [http-nio-8082-exec-2] INFO  com.example.demo.controller.CourseController - Teacher:01 query course
2020-02-07 20:20:44.164 default [http-nio-8082-exec-4] INFO  com.example.demo.controller.CourseController - Teacher:01 query course
2020-02-07 20:21:02.058 default [http-nio-8082-exec-5] INFO  com.example.demo.controller.CourseController - Teacher:01 query course
2020-02-07 20:21:28.150 default [http-nio-8082-exec-6] INFO  com.example.demo.controller.CourseController - Teacher:01 query course
2020-02-07 20:25:39.093 default [http-nio-8082-exec-2] INFO  com.example.demo.controller.CourseController - Teacher:01 query course
2020-02-07 20:30:51.232 default [http-nio-8082-exec-4] INFO  com.example.demo.controller.CourseController - Teacher:01 query course
2020-02-07 20:40:51.961 default [http-nio-8082-exec-6] INFO  com.example.demo.controller.CourseController - Teacher:01 query course
2020-02-07 20:41:06.430 default [http-nio-8082-exec-7] INFO  com.example.demo.controller.CourseController - Teacher:01 query course
2020-02-07 20:41:14.354 default [http-nio-8082-exec-8] INFO  com.example.demo.controller.CourseController - Teacher:01 query course
2020-02-07 20:41:38.614 default [http-nio-8082-exec-9] INFO  com.example.demo.controller.CourseController - Teacher:01 query course
2020-02-07 20:41:48.053 default [http-nio-8082-exec-1] INFO  com.example.demo.controller.CourseController - Teacher:01 query course
2020-02-07 20:50:17.823 default [http-nio-8082-exec-6] INFO  com.example.demo.controller.CourseController - Teacher:01 query course
2020-02-07 20:53:12.438 default [http-nio-8082-exec-2] INFO  com.example.demo.controller.CourseController - Teacher:01 query course
2020-02-07 20:53:21.248 default [http-nio-8082-exec-3] INFO  com.example.demo.controller.CourseController - Teacher:01 query course
2020-02-07 21:04:46.708 default [http-nio-8082-exec-7] INFO  com.example.demo.controller.CourseController - Teacher:01 query course
2020-02-07 21:08:40.748 default [http-nio-8082-exec-5] INFO  com.example.demo.controller.CourseController - Teacher:01 query course
2020-02-07 21:14:42.307 default [http-nio-8082-exec-9] INFO  com.example.demo.controller.CourseController - Teacher:01 query course
2020-02-07 21:17:31.526 default [http-nio-8082-exec-5] INFO  com.example.demo.controller.CourseController - Teacher:01 query course
2020-02-07 21:32:57.414 default [http-nio-8082-exec-10] INFO  com.example.demo.controller.CourseController - Teacher:01 query course
2020-02-07 21:34:31.876 default [http-nio-8082-exec-4] INFO  com.example.demo.controller.CourseController - Teacher:01 query course
2020-02-07 21:35:16.107 default [http-nio-8082-exec-7] INFO  com.example.demo.controller.CourseController - Teacher:01 query course
2020-02-07 21:40:00.847 default [http-nio-8082-exec-1] INFO  com.example.demo.controller.CourseController - Teacher:01 query course
2020-02-07 21:42:04.269 default [http-nio-8082-exec-7] INFO  com.example.demo.controller.CourseController - Teacher:01 query course
2020-02-07 21:42:13.874 default [http-nio-8082-exec-9] INFO  com.example.demo.controller.CourseController - Teacher:01 query course
2020-02-07 21:45:02.430 default [http-nio-8082-exec-4] INFO  com.example.demo.controller.CourseController - Teacher:01 query course
2020-02-07 21:51:14.825 default [http-nio-8082-exec-8] INFO  com.example.demo.controller.CourseController - Teacher:01 query course
2020-02-07 21:53:01.972 default [http-nio-8082-exec-2] INFO  com.example.demo.controller.CourseController - Teacher:01 query course
2020-02-07 21:53:05.068 default [http-nio-8082-exec-4] INFO  com.example.demo.controller.CourseController - Teacher:01 query course
2020-02-07 21:53:07.013 default [http-nio-8082-exec-6] INFO  com.example.demo.controller.CourseController - Teacher:01 query course
2020-02-07 21:53:23.337 default [http-nio-8082-exec-8] INFO  com.example.demo.controller.CourseController - Teacher:01 query course
2020-02-07 21:53:41.100 default [http-nio-8082-exec-10] INFO  com.example.demo.controller.CourseController - Teacher:01 query course
2020-02-07 21:54:47.758 default [http-nio-8082-exec-2] INFO  com.example.demo.controller.CourseController - Teacher:01 query course
2020-02-07 21:54:48.409 default [http-nio-8082-exec-3] INFO  com.example.demo.controller.CourseController - Teacher:01 query course
2020-02-07 21:55:41.776 default [http-nio-8082-exec-6] INFO  com.example.demo.controller.CourseController - Teacher:01 query course
2020-02-07 21:56:02.101 default [http-nio-8082-exec-7] INFO  com.example.demo.controller.CourseController - Teacher:01 query course
2020-02-07 21:56:19.224 default [http-nio-8082-exec-8] INFO  com.example.demo.controller.CourseController - Teacher:01 query course
2020-02-07 21:57:46.677 default [http-nio-8082-exec-3] INFO  com.example.demo.controller.CourseController - Teacher:01 query course
2020-02-07 21:59:08.048 default [http-nio-8082-exec-8] INFO  com.example.demo.controller.CourseController - Teacher:01 query course
2020-02-07 22:00:21.166 default [http-nio-8082-exec-1] INFO  com.example.demo.controller.CourseController - Teacher:01 query course
2020-02-07 22:00:43.283 default [http-nio-8082-exec-4] INFO  com.example.demo.controller.CourseController - Teacher:01 query course
2020-02-07 22:01:21.491 default [http-nio-8082-exec-7] INFO  com.example.demo.controller.CourseController - Teacher:01 query course
2020-02-07 22:02:06.999 default [http-nio-8082-exec-3] INFO  com.example.demo.controller.CourseController - Teacher:01 query course
2020-02-07 22:02:25.675 default [http-nio-8082-exec-5] INFO  com.example.demo.controller.CourseController - Teacher:01 query course
2020-02-07 22:07:04.140 default [http-nio-8082-exec-5] INFO  com.example.demo.controller.CourseController - Teacher:01 query course
2020-02-07 22:08:11.780 default [http-nio-8082-exec-8] INFO  com.example.demo.controller.CourseController - Teacher:01 query course
2020-02-07 22:08:34.213 default [http-nio-8082-exec-1] INFO  com.example.demo.controller.CourseController - Teacher:01 query course
2020-02-07 22:09:55.806 default [http-nio-8082-exec-4] INFO  com.example.demo.controller.CourseController - Teacher:01 query course
2020-02-07 22:11:19.092 default [http-nio-8082-exec-8] INFO  com.example.demo.controller.CourseController - Teacher:01 query course
2020-02-07 22:11:37.092 default [http-nio-8082-exec-10] INFO  com.example.demo.controller.CourseController - Teacher:01 query course
2020-02-07 22:11:55.362 default [http-nio-8082-exec-1] INFO  com.example.demo.controller.CourseController - Teacher:01 query course
2020-02-07 22:12:29.678 default [http-nio-8082-exec-2] INFO  com.example.demo.controller.CourseController - Teacher:01 query course
2020-02-07 22:12:30.435 default [http-nio-8082-exec-3] INFO  com.example.demo.controller.CourseController - Teacher:01 query course
2020-02-07 22:12:55.477 default [http-nio-8082-exec-5] INFO  com.example.demo.controller.CourseController - Teacher:01 query course
2020-02-07 22:13:40.261 default [http-nio-8082-exec-6] INFO  com.example.demo.controller.CourseController - Teacher:01 query course
2020-02-07 22:14:00.543 default [http-nio-8082-exec-7] INFO  com.example.demo.controller.CourseController - Teacher:01 query course
2020-02-07 22:14:31.079 default [http-nio-8082-exec-8] INFO  com.example.demo.controller.CourseController - Teacher:01 query course
2020-02-07 22:15:42.186 default [http-nio-8082-exec-10] INFO  com.example.demo.controller.CourseController - Teacher:01 query course
2020-02-07 22:15:55.914 default [http-nio-8082-exec-1] INFO  com.example.demo.controller.CourseController - Teacher:01 query course
2020-02-07 22:20:47.614 default [http-nio-8082-exec-8] INFO  com.example.demo.controller.CourseController - Teacher:01 query course
2020-02-07 22:20:51.198 default [http-nio-8082-exec-10] INFO  com.example.demo.controller.CourseController - Teacher:01 query course
2020-02-07 22:20:52.909 default [http-nio-8082-exec-2] INFO  com.example.demo.controller.CourseController - Teacher:01 query course
2020-02-07 22:20:54.715 default [http-nio-8082-exec-4] INFO  com.example.demo.controller.CourseController - Teacher:01 query course
2020-02-07 22:21:53.560 default [http-nio-8082-exec-8] INFO  com.example.demo.controller.CourseController - Teacher:01 query course
2020-02-07 22:22:14.407 default [http-nio-8082-exec-1] INFO  com.example.demo.controller.CourseController - Teacher:01 query course
2020-02-07 22:23:33.773 default [http-nio-8082-exec-5] INFO  com.example.demo.controller.CourseController - Teacher:01 query course
2020-02-07 22:23:55.926 default [http-nio-8082-exec-7] INFO  com.example.demo.controller.CourseController - Teacher:01 query course
2020-02-07 22:24:16.984 default [http-nio-8082-exec-8] INFO  com.example.demo.controller.CourseController - Teacher:01 query course
2020-02-07 22:24:42.439 default [http-nio-8082-exec-10] INFO  com.example.demo.controller.CourseController - Teacher:01 query course
2020-02-07 22:25:14.507 default [http-nio-8082-exec-1] INFO  com.example.demo.controller.CourseController - Teacher:01 query course
2020-02-07 22:25:17.842 default [http-nio-8082-exec-2] INFO  com.example.demo.controller.CourseController - Teacher:01 query course
2020-02-07 22:30:09.422 default [http-nio-8082-exec-5] INFO  com.example.demo.controller.CourseController - Teacher:01 query course
2020-02-07 22:30:53.047 default [http-nio-8082-exec-6] INFO  com.example.demo.controller.CourseController - Teacher:01 query course
2020-02-07 22:31:05.183 default [http-nio-8082-exec-10] INFO  com.example.demo.controller.CourseController - Teacher:01 query course
2020-02-07 22:31:41.681 default [http-nio-8082-exec-2] INFO  com.example.demo.controller.CourseController - Teacher:01 query course
2020-02-07 22:33:09.325 default [http-nio-8082-exec-4] INFO  com.example.demo.controller.CourseController - Teacher:01 query course
2020-02-07 22:33:43.044 default [http-nio-8082-exec-5] INFO  com.example.demo.controller.CourseController - Teacher:01 query course
2020-02-07 22:36:00.232 default [http-nio-8082-exec-7] INFO  com.example.demo.controller.CourseController - Teacher:01 query course
2020-02-07 22:36:19.861 default [http-nio-8082-exec-8] INFO  com.example.demo.controller.CourseController - Teacher:01 query course
2020-02-07 22:36:20.590 default [http-nio-8082-exec-9] INFO  com.example.demo.controller.CourseController - Teacher:01 query course
2020-02-07 22:36:39.903 default [http-nio-8082-exec-10] INFO  com.example.demo.controller.CourseController - Teacher:01 query course
2020-02-07 22:37:39.565 default [http-nio-8082-exec-1] INFO  com.example.demo.controller.CourseController - Teacher:01 query course
2020-02-07 22:38:15.925 default [http-nio-8082-exec-2] INFO  com.example.demo.controller.CourseController - Teacher:01 query course
2020-02-07 22:38:38.094 default [http-nio-8082-exec-3] INFO  com.example.demo.controller.CourseController - Teacher:01 query course
2020-02-07 22:39:11.579 default [http-nio-8082-exec-4] INFO  com.example.demo.controller.CourseController - Teacher:01 query course
2020-02-07 22:40:33.089 default [http-nio-8082-exec-6] INFO  com.example.demo.controller.CourseController - Teacher:01 query course
2020-02-07 22:41:06.173 default [http-nio-8082-exec-7] INFO  com.example.demo.controller.CourseController - Teacher:01 query course
2020-02-07 22:42:38.464 default [http-nio-8082-exec-9] INFO  com.example.demo.controller.CourseController - Teacher:01 query course
2020-02-07 22:42:53.341 default [http-nio-8082-exec-10] INFO  com.example.demo.controller.CourseController - Teacher:01 query course
2020-02-07 22:43:26.491 default [http-nio-8082-exec-1] INFO  com.example.demo.controller.CourseController - Teacher:01 query course
2020-02-07 22:43:43.812 default [http-nio-8082-exec-2] INFO  com.example.demo.controller.CourseController - Teacher:01 query course
2020-02-07 22:44:13.886 default [http-nio-8082-exec-3] INFO  com.example.demo.controller.CourseController - Teacher:01 query course
2020-02-07 22:44:44.348 default [http-nio-8082-exec-4] INFO  com.example.demo.controller.CourseController - Teacher:01 query course
2020-02-07 22:44:54.152 default [http-nio-8082-exec-5] INFO  com.example.demo.controller.CourseController - Teacher:01 query course
2020-02-07 22:46:15.325 default [http-nio-8082-exec-7] INFO  com.example.demo.controller.CourseController - Teacher:01 query course
2020-02-07 22:46:35.521 default [http-nio-8082-exec-8] INFO  com.example.demo.controller.CourseController - Teacher:01 query course
2020-02-07 22:46:54.199 default [http-nio-8082-exec-9] INFO  com.example.demo.controller.CourseController - Teacher:01 query course
2020-02-07 22:47:31.851 default [http-nio-8082-exec-10] INFO  com.example.demo.controller.CourseController - Teacher:01 query course
2020-02-07 22:49:41.681 default [http-nio-8082-exec-2] INFO  com.example.demo.controller.CourseController - Teacher:01 query course
2020-02-07 22:50:03.884 default [http-nio-8082-exec-3] INFO  com.example.demo.controller.CourseController - Teacher:01 query course
2020-02-07 22:50:21.445 default [http-nio-8082-exec-4] INFO  com.example.demo.controller.CourseController - Teacher:01 query course
2020-02-07 22:50:54.883 default [http-nio-8082-exec-5] INFO  com.example.demo.controller.CourseController - Teacher:01 query course
2020-02-07 22:52:03.739 default [http-nio-8082-exec-7] INFO  com.example.demo.controller.CourseController - Teacher:01 query course
2020-02-07 22:52:21.142 default [http-nio-8082-exec-8] INFO  com.example.demo.controller.CourseController - Teacher:01 query course
2020-02-07 22:53:22.741 default [http-nio-8082-exec-10] INFO  com.example.demo.controller.CourseController - Teacher:01 query course
2020-02-07 22:53:39.832 default [http-nio-8082-exec-1] INFO  com.example.demo.controller.CourseController - Teacher:01 query course
2020-02-07 22:53:56.416 default [http-nio-8082-exec-2] INFO  com.example.demo.controller.CourseController - Teacher:01 query course
2020-02-07 22:54:12.405 default [http-nio-8082-exec-3] INFO  com.example.demo.controller.CourseController - Teacher:01 query course
2020-02-07 22:54:35.564 default [http-nio-8082-exec-4] INFO  com.example.demo.controller.CourseController - Teacher:01 query course
2020-02-07 22:54:57.455 default [http-nio-8082-exec-5] INFO  com.example.demo.controller.CourseController - Teacher:01 query course
2020-02-07 22:55:11.702 default [http-nio-8082-exec-6] INFO  com.example.demo.controller.CourseController - Teacher:01 query course
2020-02-07 22:55:32.994 default [http-nio-8082-exec-7] INFO  com.example.demo.controller.CourseController - Teacher:01 query course
2020-02-07 22:55:46.450 default [http-nio-8082-exec-8] INFO  com.example.demo.controller.CourseController - Teacher:01 query course
2020-02-07 22:56:24.224 default [http-nio-8082-exec-9] INFO  com.example.demo.controller.CourseController - Teacher:01 query course
2020-02-07 22:56:41.722 default [http-nio-8082-exec-10] INFO  com.example.demo.controller.CourseController - Teacher:01 query course
2020-02-07 22:57:15.193 default [http-nio-8082-exec-1] INFO  com.example.demo.controller.CourseController - Teacher:01 query course
2020-02-07 22:58:11.504 default [http-nio-8082-exec-2] INFO  com.example.demo.controller.CourseController - Teacher:01 query course
2020-02-07 22:58:43.574 default [http-nio-8082-exec-3] INFO  com.example.demo.controller.CourseController - Teacher:01 query course
2020-02-07 22:58:55.878 default [http-nio-8082-exec-4] INFO  com.example.demo.controller.CourseController - Teacher:01 query course
2020-02-07 22:59:21.870 default [http-nio-8082-exec-5] INFO  com.example.demo.controller.CourseController - Teacher:01 query course
2020-02-07 23:00:34.602 default [http-nio-8082-exec-7] INFO  com.example.demo.controller.CourseController - Teacher:01 query course
2020-02-07 23:00:56.359 default [http-nio-8082-exec-8] INFO  com.example.demo.controller.CourseController - Teacher:01 query course
2020-02-07 23:01:08.793 default [http-nio-8082-exec-9] INFO  com.example.demo.controller.CourseController - Teacher:01 query course
2020-02-07 23:01:20.582 default [http-nio-8082-exec-10] INFO  com.example.demo.controller.CourseController - Teacher:01 query course
2020-02-07 23:01:57.004 default [http-nio-8082-exec-1] INFO  com.example.demo.controller.CourseController - Teacher:01 query course
2020-02-07 23:02:27.585 default [http-nio-8082-exec-2] INFO  com.example.demo.controller.CourseController - Teacher:01 query course
2020-02-07 23:02:44.728 default [http-nio-8082-exec-3] INFO  com.example.demo.controller.CourseController - Teacher:01 query course
2020-02-07 23:03:06.266 default [http-nio-8082-exec-4] INFO  com.example.demo.controller.CourseController - Teacher:01 query course
2020-02-07 23:03:12.081 default [http-nio-8082-exec-5] INFO  com.example.demo.controller.CourseController - Teacher:01 query course
2020-02-07 23:03:37.013 default [http-nio-8082-exec-6] INFO  com.example.demo.controller.CourseController - Teacher:01 query course
2020-02-07 23:04:27.661 default [http-nio-8082-exec-7] INFO  com.example.demo.controller.CourseController - Teacher:01 query course
2020-02-07 23:07:16.445 default [http-nio-8082-exec-9] INFO  com.example.demo.controller.CourseController - Teacher:01 query course
2020-02-07 23:08:53.493 default [http-nio-8082-exec-1] INFO  com.example.demo.controller.CourseController - Teacher:01 query course
2020-02-07 23:09:26.181 default [http-nio-8082-exec-2] INFO  com.example.demo.controller.CourseController - Teacher:01 query course
2020-02-07 23:09:47.521 default [http-nio-8082-exec-3] INFO  com.example.demo.controller.CourseController - Teacher:01 query course
2020-02-07 23:12:00.249 default [http-nio-8082-exec-5] INFO  com.example.demo.controller.CourseController - Teacher:01 query course
2020-02-07 23:12:21.596 default [http-nio-8082-exec-6] INFO  com.example.demo.controller.CourseController - Teacher:01 query course
2020-02-07 23:12:44.981 default [http-nio-8082-exec-7] INFO  com.example.demo.controller.CourseController - Teacher:01 query course
2020-02-07 23:13:05.648 default [http-nio-8082-exec-8] INFO  com.example.demo.controller.CourseController - Teacher:01 query course
2020-02-07 23:13:42.980 default [http-nio-8082-exec-9] INFO  com.example.demo.controller.CourseController - Teacher:01 query course
2020-02-07 23:14:00.041 default [http-nio-8082-exec-10] INFO  com.example.demo.controller.CourseController - Teacher:01 query course
2020-02-07 23:14:40.773 default [http-nio-8082-exec-1] INFO  com.example.demo.controller.CourseController - Teacher:01 query course
2020-02-07 23:14:55.638 default [http-nio-8082-exec-2] INFO  com.example.demo.controller.CourseController - Teacher:01 query course
2020-02-07 23:15:00.232 default [http-nio-8082-exec-3] INFO  com.example.demo.controller.CourseController - Teacher:01 query course
2020-02-07 23:15:43.140 default [RMI TCP Connection(2)-127.0.0.1] INFO  o.s.b.a.SpringApplicationAdminMXBeanRegistrar$SpringApplicationAdmin - Application shutdown requested.
2020-02-07 23:15:43.144 default [RMI TCP Connection(2)-127.0.0.1] INFO  o.s.scheduling.concurrent.ThreadPoolTaskExecutor - Shutting down ExecutorService 'applicationTaskExecutor'
2020-02-07 23:15:43.145 default [RMI TCP Connection(2)-127.0.0.1] INFO  com.zaxxer.hikari.HikariDataSource - HikariPool-1 - Shutdown initiated...
2020-02-07 23:15:43.156 default [RMI TCP Connection(2)-127.0.0.1] INFO  com.zaxxer.hikari.HikariDataSource - HikariPool-1 - Shutdown completed.
